2019-09-02 08:37:05,774 [DEBUG] [1] [Log][Debug] - FrmMain_Load(): Initial Success!
2019-09-02 08:39:58,311 [ERROR] [7] [Log][Error] - FunctionWorkRead()
System.Threading.ThreadAbortException: 正在中止线程。
   在 XPCar.Prj.Flow.RcvdProtocolManager.FunctionWorkRead() 位置 D:\Github\Work\Work\Aplus\XPCar\XPCar\Prj\Flow\RcvdProtocolManager.cs:行号 68
2019-09-02 08:39:58,350 [ERROR] [8] [Log][Error] - FunctionWorkDecode()
System.Threading.ThreadAbortException: 正在中止线程。
   在 System.Threading.WaitHandle.WaitOneNative(SafeHandle waitableSafeHandle, UInt32 millisecondsTimeout, Boolean hasThreadAffinity, Boolean exitContext)
   在 System.Threading.WaitHandle.InternalWaitOne(SafeHandle waitableSafeHandle, Int64 millisecondsTimeout, Boolean hasThreadAffinity, Boolean exitContext)
   在 System.Threading.WaitHandle.WaitOne(Int32 millisecondsTimeout, Boolean exitContext)
   在 XPCar.Prj.Flow.RcvdProtocolManager.FunctionWorkDecode() 位置 D:\Github\Work\Work\Aplus\XPCar\XPCar\Prj\Flow\RcvdProtocolManager.cs:行号 112
2019-09-02 08:49:53,593 [DEBUG] [1] [Log][Debug] - FrmMain_Load(): Initial Success!
2019-09-02 08:50:34,008 [ERROR] [7] [Log][Error] - FunctionWorkRead()
System.Threading.ThreadAbortException: 正在中止线程。
   在 XPCar.Prj.Flow.RcvdProtocolManager.FunctionWorkRead() 位置 D:\Github\Work\Work\Aplus\XPCar\XPCar\Prj\Flow\RcvdProtocolManager.cs:行号 68
2019-09-02 08:50:34,063 [ERROR] [8] [Log][Error] - FunctionWorkDecode()
System.Threading.ThreadAbortException: 正在中止线程。
   在 System.Threading.WaitHandle.WaitOneNative(SafeHandle waitableSafeHandle, UInt32 millisecondsTimeout, Boolean hasThreadAffinity, Boolean exitContext)
   在 System.Threading.WaitHandle.InternalWaitOne(SafeHandle waitableSafeHandle, Int64 millisecondsTimeout, Boolean hasThreadAffinity, Boolean exitContext)
   在 System.Threading.WaitHandle.WaitOne(Int32 millisecondsTimeout, Boolean exitContext)
   在 XPCar.Prj.Flow.RcvdProtocolManager.FunctionWorkDecode() 位置 D:\Github\Work\Work\Aplus\XPCar\XPCar\Prj\Flow\RcvdProtocolManager.cs:行号 112
2019-09-02 08:51:27,700 [DEBUG] [1] [Log][Debug] - FrmMain_Load(): Initial Success!
2019-09-02 08:51:37,273 [ERROR] [7] [Log][Error] - FunctionWorkRead()
System.Threading.ThreadAbortException: 正在中止线程。
   在 XPCar.Prj.Flow.RcvdProtocolManager.FunctionWorkRead() 位置 D:\Github\Work\Work\Aplus\XPCar\XPCar\Prj\Flow\RcvdProtocolManager.cs:行号 68
2019-09-02 08:51:37,324 [ERROR] [8] [Log][Error] - FunctionWorkDecode()
System.Threading.ThreadAbortException: 正在中止线程。
   在 System.Threading.WaitHandle.WaitOneNative(SafeHandle waitableSafeHandle, UInt32 millisecondsTimeout, Boolean hasThreadAffinity, Boolean exitContext)
   在 System.Threading.WaitHandle.InternalWaitOne(SafeHandle waitableSafeHandle, Int64 millisecondsTimeout, Boolean hasThreadAffinity, Boolean exitContext)
   在 System.Threading.WaitHandle.WaitOne(Int32 millisecondsTimeout, Boolean exitContext)
   在 XPCar.Prj.Flow.RcvdProtocolManager.FunctionWorkDecode() 位置 D:\Github\Work\Work\Aplus\XPCar\XPCar\Prj\Flow\RcvdProtocolManager.cs:行号 112
2019-09-02 08:54:05,977 [DEBUG] [1] [Log][Debug] - FrmMain_Load(): Initial Success!
2019-09-02 08:55:07,407 [ERROR] [7] [Log][Error] - FunctionWorkRead()
System.Threading.ThreadAbortException: 正在中止线程。
   在 XPCar.Prj.Flow.RcvdProtocolManager.FunctionWorkRead() 位置 D:\Github\Work\Work\Aplus\XPCar\XPCar\Prj\Flow\RcvdProtocolManager.cs:行号 68
2019-09-02 08:55:07,459 [ERROR] [8] [Log][Error] - FunctionWorkDecode()
System.Threading.ThreadAbortException: 正在中止线程。
   在 System.Threading.WaitHandle.WaitOneNative(SafeHandle waitableSafeHandle, UInt32 millisecondsTimeout, Boolean hasThreadAffinity, Boolean exitContext)
   在 System.Threading.WaitHandle.InternalWaitOne(SafeHandle waitableSafeHandle, Int64 millisecondsTimeout, Boolean hasThreadAffinity, Boolean exitContext)
   在 System.Threading.WaitHandle.WaitOne(Int32 millisecondsTimeout, Boolean exitContext)
   在 XPCar.Prj.Flow.RcvdProtocolManager.FunctionWorkDecode() 位置 D:\Github\Work\Work\Aplus\XPCar\XPCar\Prj\Flow\RcvdProtocolManager.cs:行号 112
2019-09-02 08:59:04,719 [DEBUG] [1] [Log][Debug] - FrmMain_Load(): Initial Success!
2019-09-02 09:00:10,266 [ERROR] [7] [Log][Error] - FunctionWorkRead()
System.Threading.ThreadAbortException: 正在中止线程。
   在 XPCar.Prj.Flow.RcvdProtocolManager.FunctionWorkRead() 位置 D:\Github\Work\Work\Aplus\XPCar\XPCar\Prj\Flow\RcvdProtocolManager.cs:行号 68
2019-09-02 09:00:10,316 [ERROR] [8] [Log][Error] - FunctionWorkDecode()
System.Threading.ThreadAbortException: 正在中止线程。
   在 System.Threading.WaitHandle.WaitOneNative(SafeHandle waitableSafeHandle, UInt32 millisecondsTimeout, Boolean hasThreadAffinity, Boolean exitContext)
   在 System.Threading.WaitHandle.InternalWaitOne(SafeHandle waitableSafeHandle, Int64 millisecondsTimeout, Boolean hasThreadAffinity, Boolean exitContext)
   在 System.Threading.WaitHandle.WaitOne(Int32 millisecondsTimeout, Boolean exitContext)
   在 XPCar.Prj.Flow.RcvdProtocolManager.FunctionWorkDecode() 位置 D:\Github\Work\Work\Aplus\XPCar\XPCar\Prj\Flow\RcvdProtocolManager.cs:行号 112
2019-09-02 09:02:29,817 [DEBUG] [1] [Log][Debug] - FrmMain_Load(): Initial Success!
2019-09-02 10:59:17,890 [ERROR] [7] [Log][Error] - FunctionWorkRead()
System.Threading.ThreadAbortException: 正在中止线程。
   在 XPCar.Prj.Flow.RcvdProtocolManager.FunctionWorkRead() 位置 D:\Github\Work\Work\Aplus\XPCar\XPCar\Prj\Flow\RcvdProtocolManager.cs:行号 68
2019-09-02 10:59:17,963 [ERROR] [8] [Log][Error] - FunctionWorkDecode()
System.Threading.ThreadAbortException: 正在中止线程。
   在 System.Threading.WaitHandle.WaitOneNative(SafeHandle waitableSafeHandle, UInt32 millisecondsTimeout, Boolean hasThreadAffinity, Boolean exitContext)
   在 System.Threading.WaitHandle.InternalWaitOne(SafeHandle waitableSafeHandle, Int64 millisecondsTimeout, Boolean hasThreadAffinity, Boolean exitContext)
   在 System.Threading.WaitHandle.WaitOne(Int32 millisecondsTimeout, Boolean exitContext)
   在 XPCar.Prj.Flow.RcvdProtocolManager.FunctionWorkDecode() 位置 D:\Github\Work\Work\Aplus\XPCar\XPCar\Prj\Flow\RcvdProtocolManager.cs:行号 112
2019-09-02 11:00:16,082 [DEBUG] [1] [Log][Debug] - FrmMain_Load(): Initial Success!
2019-09-02 11:00:19,230 [ERROR] [7] [Log][Error] - FunctionWorkRead()
System.Threading.ThreadAbortException: 正在中止线程。
   在 XPCar.Prj.Flow.RcvdProtocolManager.FunctionWorkRead() 位置 D:\Github\Work\Work\Aplus\XPCar\XPCar\Prj\Flow\RcvdProtocolManager.cs:行号 68
2019-09-02 11:00:19,281 [ERROR] [8] [Log][Error] - FunctionWorkDecode()
System.Threading.ThreadAbortException: 正在中止线程。
   在 System.Threading.WaitHandle.WaitOneNative(SafeHandle waitableSafeHandle, UInt32 millisecondsTimeout, Boolean hasThreadAffinity, Boolean exitContext)
   在 System.Threading.WaitHandle.InternalWaitOne(SafeHandle waitableSafeHandle, Int64 millisecondsTimeout, Boolean hasThreadAffinity, Boolean exitContext)
   在 System.Threading.WaitHandle.WaitOne(Int32 millisecondsTimeout, Boolean exitContext)
   在 XPCar.Prj.Flow.RcvdProtocolManager.FunctionWorkDecode() 位置 D:\Github\Work\Work\Aplus\XPCar\XPCar\Prj\Flow\RcvdProtocolManager.cs:行号 112
2019-09-02 11:01:09,644 [DEBUG] [1] [Log][Debug] - FrmMain_Load(): Initial Success!
2019-09-02 11:01:25,382 [ERROR] [1] [Log][Error] - ClickSendCmd()
System.OverflowException: 值对于 UInt32 太大或太小。
   在 System.ParseNumbers.StringToInt(String s, Int32 radix, Int32 flags, Int32* currPos)
   在 System.Convert.ToInt32(String value, Int32 fromBase)
   在 XPCar.Common.BitHelper.GetValueResult() 位置 D:\Github\Work\Work\Aplus\XPCar\XPCar\Common\BitHelper.cs:行号 51
   在 XPCar.Client.ACTest.frmAC.ClickSendCmd(Object sender) 位置 D:\Github\Work\Work\Aplus\XPCar\XPCar\Client\ACTest\frmAC.cs:行号 232
2019-09-02 11:01:27,076 [ERROR] [1] [Log][Error] - ClickSendCmd()
System.OverflowException: 值对于 UInt32 太大或太小。
   在 System.ParseNumbers.StringToInt(String s, Int32 radix, Int32 flags, Int32* currPos)
   在 System.Convert.ToInt32(String value, Int32 fromBase)
   在 XPCar.Common.BitHelper.GetValueResult() 位置 D:\Github\Work\Work\Aplus\XPCar\XPCar\Common\BitHelper.cs:行号 51
   在 XPCar.Client.ACTest.frmAC.ClickSendCmd(Object sender) 位置 D:\Github\Work\Work\Aplus\XPCar\XPCar\Client\ACTest\frmAC.cs:行号 232
2019-09-02 11:01:28,583 [ERROR] [1] [Log][Error] - ClickSendCmd()
System.OverflowException: 值对于 UInt32 太大或太小。
   在 System.ParseNumbers.StringToInt(String s, Int32 radix, Int32 flags, Int32* currPos)
   在 System.Convert.ToInt32(String value, Int32 fromBase)
   在 XPCar.Common.BitHelper.GetValueResult() 位置 D:\Github\Work\Work\Aplus\XPCar\XPCar\Common\BitHelper.cs:行号 51
   在 XPCar.Client.ACTest.frmAC.ClickSendCmd(Object sender) 位置 D:\Github\Work\Work\Aplus\XPCar\XPCar\Client\ACTest\frmAC.cs:行号 232
2019-09-02 11:01:31,284 [ERROR] [1] [Log][Error] - ClickSendCmd()
System.OverflowException: 值对于 UInt32 太大或太小。
   在 System.ParseNumbers.StringToInt(String s, Int32 radix, Int32 flags, Int32* currPos)
   在 System.Convert.ToInt32(String value, Int32 fromBase)
   在 XPCar.Common.BitHelper.GetValueResult() 位置 D:\Github\Work\Work\Aplus\XPCar\XPCar\Common\BitHelper.cs:行号 51
   在 XPCar.Client.ACTest.frmAC.ClickSendCmd(Object sender) 位置 D:\Github\Work\Work\Aplus\XPCar\XPCar\Client\ACTest\frmAC.cs:行号 232
2019-09-02 11:01:31,615 [ERROR] [1] [Log][Error] - ClickSendCmd()
System.OverflowException: 值对于 UInt32 太大或太小。
   在 System.ParseNumbers.StringToInt(String s, Int32 radix, Int32 flags, Int32* currPos)
   在 System.Convert.ToInt32(String value, Int32 fromBase)
   在 XPCar.Common.BitHelper.GetValueResult() 位置 D:\Github\Work\Work\Aplus\XPCar\XPCar\Common\BitHelper.cs:行号 51
   在 XPCar.Client.ACTest.frmAC.ClickSendCmd(Object sender) 位置 D:\Github\Work\Work\Aplus\XPCar\XPCar\Client\ACTest\frmAC.cs:行号 232
2019-09-02 11:01:32,304 [ERROR] [1] [Log][Error] - ClickSendCmd()
System.OverflowException: 值对于 UInt32 太大或太小。
   在 System.ParseNumbers.StringToInt(String s, Int32 radix, Int32 flags, Int32* currPos)
   在 System.Convert.ToInt32(String value, Int32 fromBase)
   在 XPCar.Common.BitHelper.GetValueResult() 位置 D:\Github\Work\Work\Aplus\XPCar\XPCar\Common\BitHelper.cs:行号 51
   在 XPCar.Client.ACTest.frmAC.ClickSendCmd(Object sender) 位置 D:\Github\Work\Work\Aplus\XPCar\XPCar\Client\ACTest\frmAC.cs:行号 232
2019-09-02 11:01:34,598 [ERROR] [1] [Log][Error] - ClickSendCmd()
System.OverflowException: 值对于 UInt32 太大或太小。
   在 System.ParseNumbers.StringToInt(String s, Int32 radix, Int32 flags, Int32* currPos)
   在 System.Convert.ToInt32(String value, Int32 fromBase)
   在 XPCar.Common.BitHelper.GetValueResult() 位置 D:\Github\Work\Work\Aplus\XPCar\XPCar\Common\BitHelper.cs:行号 51
   在 XPCar.Client.ACTest.frmAC.ClickSendCmd(Object sender) 位置 D:\Github\Work\Work\Aplus\XPCar\XPCar\Client\ACTest\frmAC.cs:行号 232
2019-09-02 11:01:52,036 [ERROR] [1] [Log][Error] - ClickSendCmd()
System.OverflowException: 值对于 UInt32 太大或太小。
   在 System.ParseNumbers.StringToInt(String s, Int32 radix, Int32 flags, Int32* currPos)
   在 System.Convert.ToInt32(String value, Int32 fromBase)
   在 XPCar.Common.BitHelper.GetValueResult() 位置 D:\Github\Work\Work\Aplus\XPCar\XPCar\Common\BitHelper.cs:行号 51
   在 XPCar.Client.ACTest.frmAC.ClickSendCmd(Object sender) 位置 D:\Github\Work\Work\Aplus\XPCar\XPCar\Client\ACTest\frmAC.cs:行号 232
2019-09-02 11:02:27,802 [ERROR] [1] [Log][Error] - ClickSendCmd()
System.OverflowException: 值对于 UInt32 太大或太小。
   在 System.ParseNumbers.StringToInt(String s, Int32 radix, Int32 flags, Int32* currPos)
   在 System.Convert.ToInt32(String value, Int32 fromBase)
   在 XPCar.Common.BitHelper.GetValueResult() 位置 D:\Github\Work\Work\Aplus\XPCar\XPCar\Common\BitHelper.cs:行号 51
   在 XPCar.Client.ACTest.frmAC.ClickSendCmd(Object sender) 位置 D:\Github\Work\Work\Aplus\XPCar\XPCar\Client\ACTest\frmAC.cs:行号 232
2019-09-02 11:15:24,247 [ERROR] [7] [Log][Error] - FunctionWorkRead()
System.Threading.ThreadAbortException: 正在中止线程。
   在 XPCar.Prj.Flow.RcvdProtocolManager.FunctionWorkRead() 位置 D:\Github\Work\Work\Aplus\XPCar\XPCar\Prj\Flow\RcvdProtocolManager.cs:行号 68
2019-09-02 11:15:24,279 [ERROR] [8] [Log][Error] - FunctionWorkDecode()
System.Threading.ThreadAbortException: 正在中止线程。
   在 System.Threading.WaitHandle.WaitOneNative(SafeHandle waitableSafeHandle, UInt32 millisecondsTimeout, Boolean hasThreadAffinity, Boolean exitContext)
   在 System.Threading.WaitHandle.InternalWaitOne(SafeHandle waitableSafeHandle, Int64 millisecondsTimeout, Boolean hasThreadAffinity, Boolean exitContext)
   在 System.Threading.WaitHandle.WaitOne(Int32 millisecondsTimeout, Boolean exitContext)
   在 XPCar.Prj.Flow.RcvdProtocolManager.FunctionWorkDecode() 位置 D:\Github\Work\Work\Aplus\XPCar\XPCar\Prj\Flow\RcvdProtocolManager.cs:行号 112
2019-09-02 11:15:41,060 [DEBUG] [1] [Log][Debug] - FrmMain_Load(): Initial Success!
2019-09-02 11:17:32,097 [ERROR] [7] [Log][Error] - FunctionWorkRead()
System.Threading.ThreadAbortException: 正在中止线程。
   在 XPCar.Prj.Flow.RcvdProtocolManager.FunctionWorkRead() 位置 D:\Github\Work\Work\Aplus\XPCar\XPCar\Prj\Flow\RcvdProtocolManager.cs:行号 68
2019-09-02 11:17:32,147 [ERROR] [8] [Log][Error] - FunctionWorkDecode()
System.Threading.ThreadAbortException: 正在中止线程。
   在 System.Threading.WaitHandle.WaitOneNative(SafeHandle waitableSafeHandle, UInt32 millisecondsTimeout, Boolean hasThreadAffinity, Boolean exitContext)
   在 System.Threading.WaitHandle.InternalWaitOne(SafeHandle waitableSafeHandle, Int64 millisecondsTimeout, Boolean hasThreadAffinity, Boolean exitContext)
   在 System.Threading.WaitHandle.WaitOne(Int32 millisecondsTimeout, Boolean exitContext)
   在 XPCar.Prj.Flow.RcvdProtocolManager.FunctionWorkDecode() 位置 D:\Github\Work\Work\Aplus\XPCar\XPCar\Prj\Flow\RcvdProtocolManager.cs:行号 112
2019-09-02 11:18:13,008 [DEBUG] [1] [Log][Debug] - FrmMain_Load(): Initial Success!
2019-09-02 11:19:04,988 [ERROR] [7] [Log][Error] - FunctionWorkRead()
System.Threading.ThreadAbortException: 正在中止线程。
   在 XPCar.Prj.Flow.RcvdProtocolManager.FunctionWorkRead() 位置 D:\Github\Work\Work\Aplus\XPCar\XPCar\Prj\Flow\RcvdProtocolManager.cs:行号 68
2019-09-02 11:19:05,037 [ERROR] [8] [Log][Error] - FunctionWorkDecode()
System.Threading.ThreadAbortException: 正在中止线程。
   在 System.Threading.WaitHandle.WaitOneNative(SafeHandle waitableSafeHandle, UInt32 millisecondsTimeout, Boolean hasThreadAffinity, Boolean exitContext)
   在 System.Threading.WaitHandle.InternalWaitOne(SafeHandle waitableSafeHandle, Int64 millisecondsTimeout, Boolean hasThreadAffinity, Boolean exitContext)
   在 System.Threading.WaitHandle.WaitOne(Int32 millisecondsTimeout, Boolean exitContext)
   在 XPCar.Prj.Flow.RcvdProtocolManager.FunctionWorkDecode() 位置 D:\Github\Work\Work\Aplus\XPCar\XPCar\Prj\Flow\RcvdProtocolManager.cs:行号 112
2019-09-02 11:21:21,072 [DEBUG] [1] [Log][Debug] - FrmMain_Load(): Initial Success!
2019-09-02 11:21:36,524 [ERROR] [7] [Log][Error] - FunctionWorkRead()
System.Threading.ThreadAbortException: 正在中止线程。
   在 XPCar.Prj.Flow.RcvdProtocolManager.FunctionWorkRead() 位置 D:\Github\Work\Work\Aplus\XPCar\XPCar\Prj\Flow\RcvdProtocolManager.cs:行号 68
2019-09-02 11:21:36,577 [ERROR] [8] [Log][Error] - FunctionWorkDecode()
System.Threading.ThreadAbortException: 正在中止线程。
   在 System.Threading.WaitHandle.WaitOneNative(SafeHandle waitableSafeHandle, UInt32 millisecondsTimeout, Boolean hasThreadAffinity, Boolean exitContext)
   在 System.Threading.WaitHandle.InternalWaitOne(SafeHandle waitableSafeHandle, Int64 millisecondsTimeout, Boolean hasThreadAffinity, Boolean exitContext)
   在 System.Threading.WaitHandle.WaitOne(Int32 millisecondsTimeout, Boolean exitContext)
   在 XPCar.Prj.Flow.RcvdProtocolManager.FunctionWorkDecode() 位置 D:\Github\Work\Work\Aplus\XPCar\XPCar\Prj\Flow\RcvdProtocolManager.cs:行号 112
2019-09-02 11:31:45,012 [DEBUG] [1] [Log][Debug] - FrmMain_Load(): Initial Success!
2019-09-02 11:31:46,570 [ERROR] [7] [Log][Error] - FunctionWorkRead()
System.Threading.ThreadAbortException: 正在中止线程。
   在 XPCar.Prj.Flow.RcvdProtocolManager.FunctionWorkRead() 位置 D:\Github\Work\Work\Aplus\XPCar\XPCar\Prj\Flow\RcvdProtocolManager.cs:行号 68
2019-09-02 11:31:46,644 [ERROR] [8] [Log][Error] - FunctionWorkDecode()
System.Threading.ThreadAbortException: 正在中止线程。
   在 System.Threading.WaitHandle.WaitOneNative(SafeHandle waitableSafeHandle, UInt32 millisecondsTimeout, Boolean hasThreadAffinity, Boolean exitContext)
   在 System.Threading.WaitHandle.InternalWaitOne(SafeHandle waitableSafeHandle, Int64 millisecondsTimeout, Boolean hasThreadAffinity, Boolean exitContext)
   在 System.Threading.WaitHandle.WaitOne(Int32 millisecondsTimeout, Boolean exitContext)
   在 XPCar.Prj.Flow.RcvdProtocolManager.FunctionWorkDecode() 位置 D:\Github\Work\Work\Aplus\XPCar\XPCar\Prj\Flow\RcvdProtocolManager.cs:行号 112
2019-09-02 11:32:00,548 [DEBUG] [1] [Log][Debug] - FrmMain_Load(): Initial Success!
2019-09-02 11:32:26,367 [ERROR] [1] [Log][Error] - ClickSendCmd()
System.OverflowException: 值对于 UInt32 太大或太小。
   在 System.ParseNumbers.StringToInt(String s, Int32 radix, Int32 flags, Int32* currPos)
   在 System.Convert.ToInt32(String value, Int32 fromBase)
   在 XPCar.Common.BitHelper.GetValueResult() 位置 D:\Github\Work\Work\Aplus\XPCar\XPCar\Common\BitHelper.cs:行号 51
   在 XPCar.Client.ACTest.frmAC.ClickSendCmd(Object sender) 位置 D:\Github\Work\Work\Aplus\XPCar\XPCar\Client\ACTest\frmAC.cs:行号 232
2019-09-02 11:32:49,411 [ERROR] [7] [Log][Error] - FunctionWorkRead()
System.Threading.ThreadAbortException: 正在中止线程。
   在 XPCar.Prj.Flow.RcvdProtocolManager.FunctionWorkRead() 位置 D:\Github\Work\Work\Aplus\XPCar\XPCar\Prj\Flow\RcvdProtocolManager.cs:行号 68
2019-09-02 11:32:49,442 [ERROR] [8] [Log][Error] - FunctionWorkDecode()
System.Threading.ThreadAbortException: 正在中止线程。
   在 System.Threading.WaitHandle.WaitOneNative(SafeHandle waitableSafeHandle, UInt32 millisecondsTimeout, Boolean hasThreadAffinity, Boolean exitContext)
   在 System.Threading.WaitHandle.InternalWaitOne(SafeHandle waitableSafeHandle, Int64 millisecondsTimeout, Boolean hasThreadAffinity, Boolean exitContext)
   在 System.Threading.WaitHandle.WaitOne(Int32 millisecondsTimeout, Boolean exitContext)
   在 XPCar.Prj.Flow.RcvdProtocolManager.FunctionWorkDecode() 位置 D:\Github\Work\Work\Aplus\XPCar\XPCar\Prj\Flow\RcvdProtocolManager.cs:行号 112
2019-09-02 11:34:01,645 [DEBUG] [1] [Log][Debug] - FrmMain_Load(): Initial Success!
2019-09-02 11:34:13,217 [ERROR] [1] [Log][Error] - ClickSendCmd()
System.OverflowException: 值对于 UInt32 太大或太小。
   在 System.ParseNumbers.StringToInt(String s, Int32 radix, Int32 flags, Int32* currPos)
   在 System.Convert.ToInt32(String value, Int32 fromBase)
   在 XPCar.Common.BitHelper.GetValueResult() 位置 D:\Github\Work\Work\Aplus\XPCar\XPCar\Common\BitHelper.cs:行号 51
   在 XPCar.Client.ACTest.frmAC.ClickSendCmd(Object sender) 位置 D:\Github\Work\Work\Aplus\XPCar\XPCar\Client\ACTest\frmAC.cs:行号 232
2019-09-02 11:34:15,392 [ERROR] [1] [Log][Error] - ClickSendCmd()
System.OverflowException: 值对于 UInt32 太大或太小。
   在 System.ParseNumbers.StringToInt(String s, Int32 radix, Int32 flags, Int32* currPos)
   在 System.Convert.ToInt32(String value, Int32 fromBase)
   在 XPCar.Common.BitHelper.GetValueResult() 位置 D:\Github\Work\Work\Aplus\XPCar\XPCar\Common\BitHelper.cs:行号 51
   在 XPCar.Client.ACTest.frmAC.ClickSendCmd(Object sender) 位置 D:\Github\Work\Work\Aplus\XPCar\XPCar\Client\ACTest\frmAC.cs:行号 232
2019-09-02 11:34:31,020 [ERROR] [1] [Log][Error] - ClickSendCmd()
System.OverflowException: 值对于 UInt32 太大或太小。
   在 System.ParseNumbers.StringToInt(String s, Int32 radix, Int32 flags, Int32* currPos)
   在 System.Convert.ToInt32(String value, Int32 fromBase)
   在 XPCar.Common.BitHelper.GetValueResult() 位置 D:\Github\Work\Work\Aplus\XPCar\XPCar\Common\BitHelper.cs:行号 51
   在 XPCar.Client.ACTest.frmAC.ClickSendCmd(Object sender) 位置 D:\Github\Work\Work\Aplus\XPCar\XPCar\Client\ACTest\frmAC.cs:行号 232
2019-09-02 11:35:40,393 [ERROR] [1] [Log][Error] - ClickSendCmd()
System.OverflowException: 值对于 UInt32 太大或太小。
   在 System.ParseNumbers.StringToInt(String s, Int32 radix, Int32 flags, Int32* currPos)
   在 System.Convert.ToInt32(String value, Int32 fromBase)
   在 XPCar.Common.BitHelper.GetValueResult() 位置 D:\Github\Work\Work\Aplus\XPCar\XPCar\Common\BitHelper.cs:行号 51
   在 XPCar.Client.ACTest.frmAC.ClickSendCmd(Object sender) 位置 D:\Github\Work\Work\Aplus\XPCar\XPCar\Client\ACTest\frmAC.cs:行号 232
2019-09-02 11:36:48,681 [ERROR] [1] [Log][Error] - ClickSendCmd()
System.OverflowException: 值对于 UInt32 太大或太小。
   在 System.ParseNumbers.StringToInt(String s, Int32 radix, Int32 flags, Int32* currPos)
   在 System.Convert.ToInt32(String value, Int32 fromBase)
   在 XPCar.Common.BitHelper.GetValueResult() 位置 D:\Github\Work\Work\Aplus\XPCar\XPCar\Common\BitHelper.cs:行号 51
   在 XPCar.Client.ACTest.frmAC.ClickSendCmd(Object sender) 位置 D:\Github\Work\Work\Aplus\XPCar\XPCar\Client\ACTest\frmAC.cs:行号 232
2019-09-02 11:36:56,894 [ERROR] [1] [Log][Error] - ClickSendCmd()
System.OverflowException: 值对于 UInt32 太大或太小。
   在 System.ParseNumbers.StringToInt(String s, Int32 radix, Int32 flags, Int32* currPos)
   在 System.Convert.ToInt32(String value, Int32 fromBase)
   在 XPCar.Common.BitHelper.GetValueResult() 位置 D:\Github\Work\Work\Aplus\XPCar\XPCar\Common\BitHelper.cs:行号 51
   在 XPCar.Client.ACTest.frmAC.ClickSendCmd(Object sender) 位置 D:\Github\Work\Work\Aplus\XPCar\XPCar\Client\ACTest\frmAC.cs:行号 232
2019-09-02 11:37:52,912 [ERROR] [1] [Log][Error] - ClickSendCmd()
System.OverflowException: 值对于 UInt32 太大或太小。
   在 System.ParseNumbers.StringToInt(String s, Int32 radix, Int32 flags, Int32* currPos)
   在 System.Convert.ToInt32(String value, Int32 fromBase)
   在 XPCar.Common.BitHelper.GetValueResult() 位置 D:\Github\Work\Work\Aplus\XPCar\XPCar\Common\BitHelper.cs:行号 51
   在 XPCar.Client.ACTest.frmAC.ClickSendCmd(Object sender) 位置 D:\Github\Work\Work\Aplus\XPCar\XPCar\Client\ACTest\frmAC.cs:行号 232
2019-09-02 14:29:41,712 [DEBUG] [1] [Log][Debug] - FrmMain_Load(): Initial Success!
2019-09-02 14:33:41,851 [DEBUG] [1] [Log][Debug] - FrmMain_Load(): Initial Success!
2019-09-02 15:01:00,503 [DEBUG] [1] [Log][Debug] - FrmMain_Load(): Initial Success!
2019-09-02 15:01:05,893 [ERROR] [1] [Log][Error] - Connect()
System.UnauthorizedAccessException: 对端口“COM9”的访问被拒绝。
   在 System.IO.Ports.InternalResources.WinIOError(Int32 errorCode, String str)
   在 System.IO.Ports.SerialStream..ctor(String portName, Int32 baudRate, Parity parity, Int32 dataBits, StopBits stopBits, Int32 readTimeout, Int32 writeTimeout, Handshake handshake, Boolean dtrEnable, Boolean rtsEnable, Boolean discardNull, Byte parityReplace)
   在 System.IO.Ports.SerialPort.Open()
   在 XPCar.Sys.IO.Port.SerialPortIO.Connect() 位置 D:\Github\Work\Work\Aplus\XPCar\XPCar\Sys.IO\Port\SerialPortIO.cs:行号 60
2019-09-02 16:48:15,923 [DEBUG] [1] [Log][Debug] - FrmMain_Load(): Initial Success!
2019-09-02 16:48:18,723 [ERROR] [7] [Log][Error] - FunctionWorkRead()
System.Threading.ThreadAbortException: 正在中止线程。
   在 XPCar.Prj.Flow.RcvdProtocolManager.FunctionWorkRead() 位置 D:\Github\Work\Work\Aplus\XPCar\XPCar\Prj\Flow\RcvdProtocolManager.cs:行号 68
2019-09-02 16:48:18,802 [ERROR] [8] [Log][Error] - FunctionWorkDecode()
System.Threading.ThreadAbortException: 正在中止线程。
   在 System.Threading.WaitHandle.WaitOneNative(SafeHandle waitableSafeHandle, UInt32 millisecondsTimeout, Boolean hasThreadAffinity, Boolean exitContext)
   在 System.Threading.WaitHandle.InternalWaitOne(SafeHandle waitableSafeHandle, Int64 millisecondsTimeout, Boolean hasThreadAffinity, Boolean exitContext)
   在 System.Threading.WaitHandle.WaitOne(Int32 millisecondsTimeout, Boolean exitContext)
   在 XPCar.Prj.Flow.RcvdProtocolManager.FunctionWorkDecode() 位置 D:\Github\Work\Work\Aplus\XPCar\XPCar\Prj\Flow\RcvdProtocolManager.cs:行号 112
2019-09-02 16:48:45,288 [DEBUG] [1] [Log][Debug] - FrmMain_Load(): Initial Success!
2019-09-02 16:48:53,087 [ERROR] [7] [Log][Error] - FunctionWorkRead()
System.Threading.ThreadAbortException: 正在中止线程。
   在 XPCar.Prj.Flow.RcvdProtocolManager.FunctionWorkRead() 位置 D:\Github\Work\Work\Aplus\XPCar\XPCar\Prj\Flow\RcvdProtocolManager.cs:行号 68
2019-09-02 16:48:53,169 [ERROR] [8] [Log][Error] - FunctionWorkDecode()
System.Threading.ThreadAbortException: 正在中止线程。
   在 System.Threading.WaitHandle.WaitOneNative(SafeHandle waitableSafeHandle, UInt32 millisecondsTimeout, Boolean hasThreadAffinity, Boolean exitContext)
   在 System.Threading.WaitHandle.InternalWaitOne(SafeHandle waitableSafeHandle, Int64 millisecondsTimeout, Boolean hasThreadAffinity, Boolean exitContext)
   在 System.Threading.WaitHandle.WaitOne(Int32 millisecondsTimeout, Boolean exitContext)
   在 XPCar.Prj.Flow.RcvdProtocolManager.FunctionWorkDecode() 位置 D:\Github\Work\Work\Aplus\XPCar\XPCar\Prj\Flow\RcvdProtocolManager.cs:行号 112
2019-09-02 17:09:04,772 [DEBUG] [1] [Log][Debug] - FrmMain_Load(): Initial Success!
2019-09-02 19:00:47,679 [DEBUG] [1] [Log][Debug] - FrmMain_Load(): Initial Success!
2019-09-02 19:29:15,744 [ERROR] [7] [Log][Error] - FunctionWorkRead()
System.Threading.ThreadAbortException: 正在中止线程。
   在 XPCar.Prj.Flow.RcvdProtocolManager.FunctionWorkRead() 位置 D:\Github\Work\Work\Aplus\XPCar\XPCar\Prj\Flow\RcvdProtocolManager.cs:行号 68
2019-09-02 19:29:15,797 [ERROR] [8] [Log][Error] - FunctionWorkDecode()
System.Threading.ThreadAbortException: 正在中止线程。
   在 System.Threading.WaitHandle.WaitOneNative(SafeHandle waitableSafeHandle, UInt32 millisecondsTimeout, Boolean hasThreadAffinity, Boolean exitContext)
   在 System.Threading.WaitHandle.InternalWaitOne(SafeHandle waitableSafeHandle, Int64 millisecondsTimeout, Boolean hasThreadAffinity, Boolean exitContext)
   在 System.Threading.WaitHandle.WaitOne(Int32 millisecondsTimeout, Boolean exitContext)
   在 XPCar.Prj.Flow.RcvdProtocolManager.FunctionWorkDecode() 位置 D:\Github\Work\Work\Aplus\XPCar\XPCar\Prj\Flow\RcvdProtocolManager.cs:行号 112
2019-09-02 20:22:43,649 [DEBUG] [1] [Log][Debug] - FrmMain_Load(): Initial Success!
2019-09-02 20:22:45,989 [ERROR] [7] [Log][Error] - FunctionWorkRead()
System.Threading.ThreadAbortException: 正在中止线程。
   在 XPCar.Prj.Flow.RcvdProtocolManager.FunctionWorkRead() 位置 D:\Github\Work\Work\Aplus\XPCar\XPCar\Prj\Flow\RcvdProtocolManager.cs:行号 68
2019-09-02 20:22:46,077 [ERROR] [8] [Log][Error] - FunctionWorkDecode()
System.Threading.ThreadAbortException: 正在中止线程。
   在 System.Threading.WaitHandle.WaitOneNative(SafeHandle waitableSafeHandle, UInt32 millisecondsTimeout, Boolean hasThreadAffinity, Boolean exitContext)
   在 System.Threading.WaitHandle.InternalWaitOne(SafeHandle waitableSafeHandle, Int64 millisecondsTimeout, Boolean hasThreadAffinity, Boolean exitContext)
   在 System.Threading.WaitHandle.WaitOne(Int32 millisecondsTimeout, Boolean exitContext)
   在 XPCar.Prj.Flow.RcvdProtocolManager.FunctionWorkDecode() 位置 D:\Github\Work\Work\Aplus\XPCar\XPCar\Prj\Flow\RcvdProtocolManager.cs:行号 112
2019-09-02 20:23:02,733 [DEBUG] [1] [Log][Debug] - FrmMain_Load(): Initial Success!
2019-09-02 20:50:50,319 [ERROR] [7] [Log][Error] - FunctionWorkRead()
System.Threading.ThreadAbortException: 正在中止线程。
   在 XPCar.Prj.Flow.RcvdProtocolManager.FunctionWorkRead() 位置 D:\Github\Work\Work\Aplus\XPCar\XPCar\Prj\Flow\RcvdProtocolManager.cs:行号 68
2019-09-02 20:50:50,356 [ERROR] [8] [Log][Error] - FunctionWorkDecode()
System.Threading.ThreadAbortException: 正在中止线程。
   在 System.Threading.WaitHandle.WaitOneNative(SafeHandle waitableSafeHandle, UInt32 millisecondsTimeout, Boolean hasThreadAffinity, Boolean exitContext)
   在 System.Threading.WaitHandle.InternalWaitOne(SafeHandle waitableSafeHandle, Int64 millisecondsTimeout, Boolean hasThreadAffinity, Boolean exitContext)
   在 System.Threading.WaitHandle.WaitOne(Int32 millisecondsTimeout, Boolean exitContext)
   在 XPCar.Prj.Flow.RcvdProtocolManager.FunctionWorkDecode() 位置 D:\Github\Work\Work\Aplus\XPCar\XPCar\Prj\Flow\RcvdProtocolManager.cs:行号 112
