2019-09-19 09:19:31,243 [DEBUG] [1] [Log][Debug] - FrmMain_Load(): Initial Success!
2019-09-19 09:19:35,304 [ERROR] [7] [Log][Error] - FunctionWorkRead()
System.Threading.ThreadAbortException: 正在中止线程。
   在 XPCar.Prj.Flow.RcvdProtocolManager.FunctionWorkRead() 位置 D:\Github\Work\Work\Aplus\XPCar\XPCar\Prj\Flow\RcvdProtocolManager.cs:行号 68
2019-09-19 09:19:35,398 [ERROR] [8] [Log][Error] - FunctionWorkDecode()
System.Threading.ThreadAbortException: 正在中止线程。
   在 System.Threading.WaitHandle.WaitOneNative(SafeHandle waitableSafeHandle, UInt32 millisecondsTimeout, Boolean hasThreadAffinity, Boolean exitContext)
   在 System.Threading.WaitHandle.InternalWaitOne(SafeHandle waitableSafeHandle, Int64 millisecondsTimeout, Boolean hasThreadAffinity, Boolean exitContext)
   在 System.Threading.WaitHandle.WaitOne(Int32 millisecondsTimeout, Boolean exitContext)
   在 XPCar.Prj.Flow.RcvdProtocolManager.FunctionWorkDecode() 位置 D:\Github\Work\Work\Aplus\XPCar\XPCar\Prj\Flow\RcvdProtocolManager.cs:行号 100
2019-09-19 14:47:24,954 [DEBUG] [1] [Log][Debug] - FrmMain_Load(): Initial Success!
2019-09-19 14:49:11,525 [ERROR] [7] [Log][Error] - FunctionWorkRead()
System.Threading.ThreadAbortException: 正在中止线程。
   在 XPCar.Prj.Flow.RcvdProtocolManager.FunctionWorkRead() 位置 D:\Github\Work\Work\Aplus\XPCar\XPCar\Prj\Flow\RcvdProtocolManager.cs:行号 68
2019-09-19 14:49:11,603 [ERROR] [8] [Log][Error] - FunctionWorkDecode()
System.Threading.ThreadAbortException: 正在中止线程。
   在 System.Threading.WaitHandle.WaitOneNative(SafeHandle waitableSafeHandle, UInt32 millisecondsTimeout, Boolean hasThreadAffinity, Boolean exitContext)
   在 System.Threading.WaitHandle.InternalWaitOne(SafeHandle waitableSafeHandle, Int64 millisecondsTimeout, Boolean hasThreadAffinity, Boolean exitContext)
   在 System.Threading.WaitHandle.WaitOne(Int32 millisecondsTimeout, Boolean exitContext)
   在 XPCar.Prj.Flow.RcvdProtocolManager.FunctionWorkDecode() 位置 D:\Github\Work\Work\Aplus\XPCar\XPCar\Prj\Flow\RcvdProtocolManager.cs:行号 100
2019-09-19 14:49:40,862 [DEBUG] [1] [Log][Debug] - FrmMain_Load(): Initial Success!
2019-09-19 14:51:21,241 [ERROR] [7] [Log][Error] - FunctionWorkRead()
System.Threading.ThreadAbortException: 正在中止线程。
   在 XPCar.Prj.Flow.RcvdProtocolManager.FunctionWorkRead() 位置 D:\Github\Work\Work\Aplus\XPCar\XPCar\Prj\Flow\RcvdProtocolManager.cs:行号 68
2019-09-19 14:51:21,288 [ERROR] [8] [Log][Error] - FunctionWorkDecode()
System.Threading.ThreadAbortException: 正在中止线程。
   在 System.Threading.WaitHandle.WaitOneNative(SafeHandle waitableSafeHandle, UInt32 millisecondsTimeout, Boolean hasThreadAffinity, Boolean exitContext)
   在 System.Threading.WaitHandle.InternalWaitOne(SafeHandle waitableSafeHandle, Int64 millisecondsTimeout, Boolean hasThreadAffinity, Boolean exitContext)
   在 System.Threading.WaitHandle.WaitOne(Int32 millisecondsTimeout, Boolean exitContext)
   在 XPCar.Prj.Flow.RcvdProtocolManager.FunctionWorkDecode() 位置 D:\Github\Work\Work\Aplus\XPCar\XPCar\Prj\Flow\RcvdProtocolManager.cs:行号 100
2019-09-19 14:53:02,961 [DEBUG] [1] [Log][Debug] - FrmMain_Load(): Initial Success!
2019-09-19 14:53:17,349 [ERROR] [7] [Log][Error] - FunctionWorkRead()
System.Threading.ThreadAbortException: 正在中止线程。
   在 XPCar.Prj.Flow.RcvdProtocolManager.FunctionWorkRead() 位置 D:\Github\Work\Work\Aplus\XPCar\XPCar\Prj\Flow\RcvdProtocolManager.cs:行号 68
2019-09-19 14:53:17,411 [ERROR] [8] [Log][Error] - FunctionWorkDecode()
System.Threading.ThreadAbortException: 正在中止线程。
   在 System.Threading.WaitHandle.WaitOneNative(SafeHandle waitableSafeHandle, UInt32 millisecondsTimeout, Boolean hasThreadAffinity, Boolean exitContext)
   在 System.Threading.WaitHandle.InternalWaitOne(SafeHandle waitableSafeHandle, Int64 millisecondsTimeout, Boolean hasThreadAffinity, Boolean exitContext)
   在 System.Threading.WaitHandle.WaitOne(Int32 millisecondsTimeout, Boolean exitContext)
   在 XPCar.Prj.Flow.RcvdProtocolManager.FunctionWorkDecode() 位置 D:\Github\Work\Work\Aplus\XPCar\XPCar\Prj\Flow\RcvdProtocolManager.cs:行号 100
2019-09-19 14:58:42,108 [DEBUG] [1] [Log][Debug] - FrmMain_Load(): Initial Success!
2019-09-19 14:58:53,200 [ERROR] [7] [Log][Error] - FunctionWorkRead()
System.Threading.ThreadAbortException: 正在中止线程。
   在 XPCar.Prj.Flow.RcvdProtocolManager.FunctionWorkRead() 位置 D:\Github\Work\Work\Aplus\XPCar\XPCar\Prj\Flow\RcvdProtocolManager.cs:行号 68
2019-09-19 14:58:53,262 [ERROR] [8] [Log][Error] - FunctionWorkDecode()
System.Threading.ThreadAbortException: 正在中止线程。
   在 System.Threading.WaitHandle.WaitOneNative(SafeHandle waitableSafeHandle, UInt32 millisecondsTimeout, Boolean hasThreadAffinity, Boolean exitContext)
   在 System.Threading.WaitHandle.InternalWaitOne(SafeHandle waitableSafeHandle, Int64 millisecondsTimeout, Boolean hasThreadAffinity, Boolean exitContext)
   在 System.Threading.WaitHandle.WaitOne(Int32 millisecondsTimeout, Boolean exitContext)
   在 XPCar.Prj.Flow.RcvdProtocolManager.FunctionWorkDecode() 位置 D:\Github\Work\Work\Aplus\XPCar\XPCar\Prj\Flow\RcvdProtocolManager.cs:行号 100
2019-09-19 15:02:09,413 [DEBUG] [1] [Log][Debug] - FrmMain_Load(): Initial Success!
2019-09-19 15:02:12,381 [ERROR] [7] [Log][Error] - FunctionWorkRead()
System.Threading.ThreadAbortException: 正在中止线程。
   在 XPCar.Prj.Flow.RcvdProtocolManager.FunctionWorkRead() 位置 D:\Github\Work\Work\Aplus\XPCar\XPCar\Prj\Flow\RcvdProtocolManager.cs:行号 68
2019-09-19 15:02:12,459 [ERROR] [8] [Log][Error] - FunctionWorkDecode()
System.Threading.ThreadAbortException: 正在中止线程。
   在 System.Threading.WaitHandle.WaitOneNative(SafeHandle waitableSafeHandle, UInt32 millisecondsTimeout, Boolean hasThreadAffinity, Boolean exitContext)
   在 System.Threading.WaitHandle.InternalWaitOne(SafeHandle waitableSafeHandle, Int64 millisecondsTimeout, Boolean hasThreadAffinity, Boolean exitContext)
   在 System.Threading.WaitHandle.WaitOne(Int32 millisecondsTimeout, Boolean exitContext)
   在 XPCar.Prj.Flow.RcvdProtocolManager.FunctionWorkDecode() 位置 D:\Github\Work\Work\Aplus\XPCar\XPCar\Prj\Flow\RcvdProtocolManager.cs:行号 100
2019-09-19 15:04:21,774 [DEBUG] [1] [Log][Debug] - FrmMain_Load(): Initial Success!
2019-09-19 15:04:23,618 [ERROR] [7] [Log][Error] - FunctionWorkRead()
System.Threading.ThreadAbortException: 正在中止线程。
   在 XPCar.Prj.Flow.RcvdProtocolManager.FunctionWorkRead() 位置 D:\Github\Work\Work\Aplus\XPCar\XPCar\Prj\Flow\RcvdProtocolManager.cs:行号 68
2019-09-19 15:04:23,696 [ERROR] [8] [Log][Error] - FunctionWorkDecode()
System.Threading.ThreadAbortException: 正在中止线程。
   在 System.Threading.WaitHandle.WaitOneNative(SafeHandle waitableSafeHandle, UInt32 millisecondsTimeout, Boolean hasThreadAffinity, Boolean exitContext)
   在 System.Threading.WaitHandle.InternalWaitOne(SafeHandle waitableSafeHandle, Int64 millisecondsTimeout, Boolean hasThreadAffinity, Boolean exitContext)
   在 System.Threading.WaitHandle.WaitOne(Int32 millisecondsTimeout, Boolean exitContext)
   在 XPCar.Prj.Flow.RcvdProtocolManager.FunctionWorkDecode() 位置 D:\Github\Work\Work\Aplus\XPCar\XPCar\Prj\Flow\RcvdProtocolManager.cs:行号 100
2019-09-19 15:31:26,647 [DEBUG] [1] [Log][Debug] - FrmMain_Load(): Initial Success!
2019-09-19 15:31:55,062 [ERROR] [7] [Log][Error] - FunctionWorkRead()
System.Threading.ThreadAbortException: 正在中止线程。
   在 XPCar.Prj.Flow.RcvdProtocolManager.FunctionWorkRead() 位置 D:\Github\Work\Work\Aplus\XPCar\XPCar\Prj\Flow\RcvdProtocolManager.cs:行号 68
2019-09-19 15:31:55,140 [ERROR] [8] [Log][Error] - FunctionWorkDecode()
System.Threading.ThreadAbortException: 正在中止线程。
   在 System.Threading.WaitHandle.WaitOneNative(SafeHandle waitableSafeHandle, UInt32 millisecondsTimeout, Boolean hasThreadAffinity, Boolean exitContext)
   在 System.Threading.WaitHandle.InternalWaitOne(SafeHandle waitableSafeHandle, Int64 millisecondsTimeout, Boolean hasThreadAffinity, Boolean exitContext)
   在 System.Threading.WaitHandle.WaitOne(Int32 millisecondsTimeout, Boolean exitContext)
   在 XPCar.Prj.Flow.RcvdProtocolManager.FunctionWorkDecode() 位置 D:\Github\Work\Work\Aplus\XPCar\XPCar\Prj\Flow\RcvdProtocolManager.cs:行号 100
2019-09-19 15:38:42,618 [DEBUG] [1] [Log][Debug] - FrmMain_Load(): Initial Success!
2019-09-19 15:38:45,180 [ERROR] [7] [Log][Error] - FunctionWorkRead()
System.Threading.ThreadAbortException: 正在中止线程。
   在 XPCar.Prj.Flow.RcvdProtocolManager.FunctionWorkRead() 位置 D:\Github\Work\Work\Aplus\XPCar\XPCar\Prj\Flow\RcvdProtocolManager.cs:行号 68
2019-09-19 15:38:45,258 [ERROR] [8] [Log][Error] - FunctionWorkDecode()
System.Threading.ThreadAbortException: 正在中止线程。
   在 System.Threading.WaitHandle.WaitOneNative(SafeHandle waitableSafeHandle, UInt32 millisecondsTimeout, Boolean hasThreadAffinity, Boolean exitContext)
   在 System.Threading.WaitHandle.InternalWaitOne(SafeHandle waitableSafeHandle, Int64 millisecondsTimeout, Boolean hasThreadAffinity, Boolean exitContext)
   在 System.Threading.WaitHandle.WaitOne(Int32 millisecondsTimeout, Boolean exitContext)
   在 XPCar.Prj.Flow.RcvdProtocolManager.FunctionWorkDecode() 位置 D:\Github\Work\Work\Aplus\XPCar\XPCar\Prj\Flow\RcvdProtocolManager.cs:行号 100
