2019-09-04 08:46:30,259 [DEBUG] [1] [Log][Debug] - FrmMain_Load(): Initial Success!
2019-09-04 08:46:51,594 [ERROR] [7] [Log][Error] - FunctionWorkRead()
System.Threading.ThreadAbortException: 正在中止线程。
   在 XPCar.Prj.Flow.RcvdProtocolManager.FunctionWorkRead() 位置 D:\Github\Work\Work\Aplus\XPCar\XPCar\Prj\Flow\RcvdProtocolManager.cs:行号 68
2019-09-04 08:46:51,652 [ERROR] [8] [Log][Error] - FunctionWorkDecode()
System.Threading.ThreadAbortException: 正在中止线程。
   在 System.Threading.WaitHandle.WaitOneNative(SafeHandle waitableSafeHandle, UInt32 millisecondsTimeout, Boolean hasThreadAffinity, Boolean exitContext)
   在 System.Threading.WaitHandle.InternalWaitOne(SafeHandle waitableSafeHandle, Int64 millisecondsTimeout, Boolean hasThreadAffinity, Boolean exitContext)
   在 System.Threading.WaitHandle.WaitOne(Int32 millisecondsTimeout, Boolean exitContext)
   在 XPCar.Prj.Flow.RcvdProtocolManager.FunctionWorkDecode() 位置 D:\Github\Work\Work\Aplus\XPCar\XPCar\Prj\Flow\RcvdProtocolManager.cs:行号 112
2019-09-04 09:00:41,905 [DEBUG] [1] [Log][Debug] - FrmMain_Load(): Initial Success!
2019-09-04 09:00:47,010 [ERROR] [7] [Log][Error] - FunctionWorkRead()
System.Threading.ThreadAbortException: 正在中止线程。
   在 XPCar.Prj.Flow.RcvdProtocolManager.FunctionWorkRead() 位置 D:\Github\Work\Work\Aplus\XPCar\XPCar\Prj\Flow\RcvdProtocolManager.cs:行号 68
2019-09-04 09:00:47,060 [ERROR] [8] [Log][Error] - FunctionWorkDecode()
System.Threading.ThreadAbortException: 正在中止线程。
   在 System.Threading.WaitHandle.WaitOneNative(SafeHandle waitableSafeHandle, UInt32 millisecondsTimeout, Boolean hasThreadAffinity, Boolean exitContext)
   在 System.Threading.WaitHandle.InternalWaitOne(SafeHandle waitableSafeHandle, Int64 millisecondsTimeout, Boolean hasThreadAffinity, Boolean exitContext)
   在 System.Threading.WaitHandle.WaitOne(Int32 millisecondsTimeout, Boolean exitContext)
   在 XPCar.Prj.Flow.RcvdProtocolManager.FunctionWorkDecode() 位置 D:\Github\Work\Work\Aplus\XPCar\XPCar\Prj\Flow\RcvdProtocolManager.cs:行号 112
2019-09-04 09:01:03,067 [DEBUG] [1] [Log][Debug] - FrmMain_Load(): Initial Success!
2019-09-04 09:01:52,466 [ERROR] [7] [Log][Error] - FunctionWorkRead()
System.Threading.ThreadAbortException: 正在中止线程。
   在 XPCar.Prj.Flow.RcvdProtocolManager.FunctionWorkRead() 位置 D:\Github\Work\Work\Aplus\XPCar\XPCar\Prj\Flow\RcvdProtocolManager.cs:行号 68
2019-09-04 09:01:52,518 [ERROR] [8] [Log][Error] - FunctionWorkDecode()
System.Threading.ThreadAbortException: 正在中止线程。
   在 System.Threading.WaitHandle.WaitOneNative(SafeHandle waitableSafeHandle, UInt32 millisecondsTimeout, Boolean hasThreadAffinity, Boolean exitContext)
   在 System.Threading.WaitHandle.InternalWaitOne(SafeHandle waitableSafeHandle, Int64 millisecondsTimeout, Boolean hasThreadAffinity, Boolean exitContext)
   在 System.Threading.WaitHandle.WaitOne(Int32 millisecondsTimeout, Boolean exitContext)
   在 XPCar.Prj.Flow.RcvdProtocolManager.FunctionWorkDecode() 位置 D:\Github\Work\Work\Aplus\XPCar\XPCar\Prj\Flow\RcvdProtocolManager.cs:行号 112
2019-09-04 09:21:36,500 [DEBUG] [1] [Log][Debug] - FrmMain_Load(): Initial Success!
2019-09-04 09:22:02,105 [ERROR] [7] [Log][Error] - FunctionWorkRead()
System.Threading.ThreadAbortException: 正在中止线程。
   在 XPCar.Prj.Flow.RcvdProtocolManager.FunctionWorkRead() 位置 D:\Github\Work\Work\Aplus\XPCar\XPCar\Prj\Flow\RcvdProtocolManager.cs:行号 68
2019-09-04 09:22:02,155 [ERROR] [8] [Log][Error] - FunctionWorkDecode()
System.Threading.ThreadAbortException: 正在中止线程。
   在 System.Threading.WaitHandle.WaitOneNative(SafeHandle waitableSafeHandle, UInt32 millisecondsTimeout, Boolean hasThreadAffinity, Boolean exitContext)
   在 System.Threading.WaitHandle.InternalWaitOne(SafeHandle waitableSafeHandle, Int64 millisecondsTimeout, Boolean hasThreadAffinity, Boolean exitContext)
   在 System.Threading.WaitHandle.WaitOne(Int32 millisecondsTimeout, Boolean exitContext)
   在 XPCar.Prj.Flow.RcvdProtocolManager.FunctionWorkDecode() 位置 D:\Github\Work\Work\Aplus\XPCar\XPCar\Prj\Flow\RcvdProtocolManager.cs:行号 112
2019-09-04 09:22:25,483 [DEBUG] [1] [Log][Debug] - FrmMain_Load(): Initial Success!
2019-09-04 09:22:34,454 [ERROR] [7] [Log][Error] - FunctionWorkRead()
System.Threading.ThreadAbortException: 正在中止线程。
   在 XPCar.Prj.Flow.RcvdProtocolManager.FunctionWorkRead() 位置 D:\Github\Work\Work\Aplus\XPCar\XPCar\Prj\Flow\RcvdProtocolManager.cs:行号 68
2019-09-04 09:22:34,505 [ERROR] [8] [Log][Error] - FunctionWorkDecode()
System.Threading.ThreadAbortException: 正在中止线程。
   在 System.Threading.WaitHandle.WaitOneNative(SafeHandle waitableSafeHandle, UInt32 millisecondsTimeout, Boolean hasThreadAffinity, Boolean exitContext)
   在 System.Threading.WaitHandle.InternalWaitOne(SafeHandle waitableSafeHandle, Int64 millisecondsTimeout, Boolean hasThreadAffinity, Boolean exitContext)
   在 System.Threading.WaitHandle.WaitOne(Int32 millisecondsTimeout, Boolean exitContext)
   在 XPCar.Prj.Flow.RcvdProtocolManager.FunctionWorkDecode() 位置 D:\Github\Work\Work\Aplus\XPCar\XPCar\Prj\Flow\RcvdProtocolManager.cs:行号 112
2019-09-04 09:39:11,177 [DEBUG] [1] [Log][Debug] - FrmMain_Load(): Initial Success!
2019-09-04 09:39:14,962 [ERROR] [8] [Log][Error] - FunctionWorkRead()
System.Threading.ThreadAbortException: 正在中止线程。
   在 XPCar.Prj.Flow.RcvdProtocolManager.FunctionWorkRead() 位置 D:\Github\Work\Work\Aplus\XPCar\XPCar\Prj\Flow\RcvdProtocolManager.cs:行号 68
2019-09-04 09:39:15,016 [ERROR] [9] [Log][Error] - FunctionWorkDecode()
System.Threading.ThreadAbortException: 正在中止线程。
   在 System.Threading.WaitHandle.WaitOneNative(SafeHandle waitableSafeHandle, UInt32 millisecondsTimeout, Boolean hasThreadAffinity, Boolean exitContext)
   在 System.Threading.WaitHandle.InternalWaitOne(SafeHandle waitableSafeHandle, Int64 millisecondsTimeout, Boolean hasThreadAffinity, Boolean exitContext)
   在 System.Threading.WaitHandle.WaitOne(Int32 millisecondsTimeout, Boolean exitContext)
   在 XPCar.Prj.Flow.RcvdProtocolManager.FunctionWorkDecode() 位置 D:\Github\Work\Work\Aplus\XPCar\XPCar\Prj\Flow\RcvdProtocolManager.cs:行号 112
2019-09-04 16:37:55,951 [DEBUG] [1] [Log][Debug] - FrmMain_Load(): Initial Success!
2019-09-04 16:38:00,453 [ERROR] [7] [Log][Error] - FunctionWorkRead()
System.Threading.ThreadAbortException: 正在中止线程。
   在 XPCar.Prj.Flow.RcvdProtocolManager.FunctionWorkRead() 位置 D:\Github\Work\Work\Aplus\XPCar\XPCar\Prj\Flow\RcvdProtocolManager.cs:行号 68
2019-09-04 16:38:00,503 [ERROR] [8] [Log][Error] - FunctionWorkDecode()
System.Threading.ThreadAbortException: 正在中止线程。
   在 System.Threading.WaitHandle.WaitOneNative(SafeHandle waitableSafeHandle, UInt32 millisecondsTimeout, Boolean hasThreadAffinity, Boolean exitContext)
   在 System.Threading.WaitHandle.InternalWaitOne(SafeHandle waitableSafeHandle, Int64 millisecondsTimeout, Boolean hasThreadAffinity, Boolean exitContext)
   在 System.Threading.WaitHandle.WaitOne(Int32 millisecondsTimeout, Boolean exitContext)
   在 XPCar.Prj.Flow.RcvdProtocolManager.FunctionWorkDecode() 位置 D:\Github\Work\Work\Aplus\XPCar\XPCar\Prj\Flow\RcvdProtocolManager.cs:行号 112
2019-09-04 19:30:42,317 [DEBUG] [1] [Log][Debug] - FrmMain_Load(): Initial Success!
2019-09-04 19:32:21,276 [ERROR] [7] [Log][Error] - FunctionWorkRead()
System.Threading.ThreadAbortException: 正在中止线程。
   在 XPCar.Prj.Flow.RcvdProtocolManager.FunctionWorkRead() 位置 D:\Github\Work\Work\Aplus\XPCar\XPCar\Prj\Flow\RcvdProtocolManager.cs:行号 68
2019-09-04 19:32:21,329 [ERROR] [8] [Log][Error] - FunctionWorkDecode()
System.Threading.ThreadAbortException: 正在中止线程。
   在 System.Threading.WaitHandle.WaitOneNative(SafeHandle waitableSafeHandle, UInt32 millisecondsTimeout, Boolean hasThreadAffinity, Boolean exitContext)
   在 System.Threading.WaitHandle.InternalWaitOne(SafeHandle waitableSafeHandle, Int64 millisecondsTimeout, Boolean hasThreadAffinity, Boolean exitContext)
   在 System.Threading.WaitHandle.WaitOne(Int32 millisecondsTimeout, Boolean exitContext)
   在 XPCar.Prj.Flow.RcvdProtocolManager.FunctionWorkDecode() 位置 D:\Github\Work\Work\Aplus\XPCar\XPCar\Prj\Flow\RcvdProtocolManager.cs:行号 112
