2019-10-05 08:49:43,521 [DEBUG] [1] [Log][Debug] - FrmMain_Load(): Initial Success!
2019-10-05 09:19:01,559 [DEBUG] [1] [Log][Debug] - FrmMain_Load(): Initial Success!
2019-10-05 09:19:04,438 [ERROR] [7] [Log][Error] - FunctionWorkRead()
System.Threading.ThreadAbortException: 正在中止线程。
   在 XPCar.Prj.Flow.RcvdProtocolManager.FunctionWorkRead() 位置 D:\Github\Work\ST-9980APlus\XPCar\XPCar\Prj\Flow\RcvdProtocolManager.cs:行号 68
2019-10-05 09:19:04,503 [ERROR] [8] [Log][Error] - FunctionWorkDecode()
System.Threading.ThreadAbortException: 正在中止线程。
   在 System.Threading.WaitHandle.WaitOneNative(SafeHandle waitableSafeHandle, UInt32 millisecondsTimeout, Boolean hasThreadAffinity, Boolean exitContext)
   在 System.Threading.WaitHandle.InternalWaitOne(SafeHandle waitableSafeHandle, Int64 millisecondsTimeout, Boolean hasThreadAffinity, Boolean exitContext)
   在 System.Threading.WaitHandle.WaitOne(Int32 millisecondsTimeout, Boolean exitContext)
   在 XPCar.Prj.Flow.RcvdProtocolManager.FunctionWorkDecode() 位置 D:\Github\Work\ST-9980APlus\XPCar\XPCar\Prj\Flow\RcvdProtocolManager.cs:行号 100
2019-10-05 09:19:22,457 [DEBUG] [1] [Log][Debug] - FrmMain_Load(): Initial Success!
2019-10-05 09:19:28,377 [ERROR] [7] [Log][Error] - FunctionWorkRead()
System.Threading.ThreadAbortException: 正在中止线程。
   在 XPCar.Prj.Flow.RcvdProtocolManager.FunctionWorkRead() 位置 D:\Github\Work\ST-9980APlus\XPCar\XPCar\Prj\Flow\RcvdProtocolManager.cs:行号 68
2019-10-05 09:19:28,441 [ERROR] [8] [Log][Error] - FunctionWorkDecode()
System.Threading.ThreadAbortException: 正在中止线程。
   在 System.Threading.WaitHandle.WaitOneNative(SafeHandle waitableSafeHandle, UInt32 millisecondsTimeout, Boolean hasThreadAffinity, Boolean exitContext)
   在 System.Threading.WaitHandle.InternalWaitOne(SafeHandle waitableSafeHandle, Int64 millisecondsTimeout, Boolean hasThreadAffinity, Boolean exitContext)
   在 System.Threading.WaitHandle.WaitOne(Int32 millisecondsTimeout, Boolean exitContext)
   在 XPCar.Prj.Flow.RcvdProtocolManager.FunctionWorkDecode() 位置 D:\Github\Work\ST-9980APlus\XPCar\XPCar\Prj\Flow\RcvdProtocolManager.cs:行号 100
2019-10-05 10:10:50,670 [DEBUG] [1] [Log][Debug] - FrmMain_Load(): Initial Success!
2019-10-05 19:04:27,401 [DEBUG] [1] [Log][Debug] - FrmMain_Load(): Initial Success!
2019-10-05 19:04:36,072 [ERROR] [7] [Log][Error] - FunctionWorkRead()
System.Threading.ThreadAbortException: 正在中止线程。
   在 XPCar.Prj.Flow.RcvdProtocolManager.FunctionWorkRead() 位置 D:\Github\Work\ST-9980APlus\XPCar\XPCar\Prj\Flow\RcvdProtocolManager.cs:行号 68
2019-10-05 19:04:36,142 [ERROR] [8] [Log][Error] - FunctionWorkDecode()
System.Threading.ThreadAbortException: 正在中止线程。
   在 System.Threading.WaitHandle.WaitOneNative(SafeHandle waitableSafeHandle, UInt32 millisecondsTimeout, Boolean hasThreadAffinity, Boolean exitContext)
   在 System.Threading.WaitHandle.InternalWaitOne(SafeHandle waitableSafeHandle, Int64 millisecondsTimeout, Boolean hasThreadAffinity, Boolean exitContext)
   在 System.Threading.WaitHandle.WaitOne(Int32 millisecondsTimeout, Boolean exitContext)
   在 XPCar.Prj.Flow.RcvdProtocolManager.FunctionWorkDecode() 位置 D:\Github\Work\ST-9980APlus\XPCar\XPCar\Prj\Flow\RcvdProtocolManager.cs:行号 100
2019-10-05 19:08:28,210 [DEBUG] [1] [Log][Debug] - FrmMain_Load(): Initial Success!
2019-10-05 19:08:52,172 [ERROR] [7] [Log][Error] - FunctionWorkRead()
System.Threading.ThreadAbortException: 正在中止线程。
   在 XPCar.Prj.Flow.RcvdProtocolManager.FunctionWorkRead() 位置 D:\Github\Work\ST-9980APlus\XPCar\XPCar\Prj\Flow\RcvdProtocolManager.cs:行号 68
2019-10-05 19:08:52,235 [ERROR] [8] [Log][Error] - FunctionWorkDecode()
System.Threading.ThreadAbortException: 正在中止线程。
   在 System.Threading.WaitHandle.WaitOneNative(SafeHandle waitableSafeHandle, UInt32 millisecondsTimeout, Boolean hasThreadAffinity, Boolean exitContext)
   在 System.Threading.WaitHandle.InternalWaitOne(SafeHandle waitableSafeHandle, Int64 millisecondsTimeout, Boolean hasThreadAffinity, Boolean exitContext)
   在 System.Threading.WaitHandle.WaitOne(Int32 millisecondsTimeout, Boolean exitContext)
   在 XPCar.Prj.Flow.RcvdProtocolManager.FunctionWorkDecode() 位置 D:\Github\Work\ST-9980APlus\XPCar\XPCar\Prj\Flow\RcvdProtocolManager.cs:行号 100
2019-10-05 19:26:53,859 [DEBUG] [1] [Log][Debug] - FrmMain_Load(): Initial Success!
2019-10-05 19:40:12,939 [DEBUG] [1] [Log][Debug] - FrmMain_Load(): Initial Success!
2019-10-05 19:44:55,739 [ERROR] [7] [Log][Error] - FunctionWorkRead()
System.Threading.ThreadAbortException: 正在中止线程。
   在 XPCar.Prj.Flow.RcvdProtocolManager.FunctionWorkRead() 位置 D:\Github\Work\ST-9980APlus\XPCar\XPCar\Prj\Flow\RcvdProtocolManager.cs:行号 68
2019-10-05 19:44:55,805 [ERROR] [8] [Log][Error] - FunctionWorkDecode()
System.Threading.ThreadAbortException: 正在中止线程。
   在 System.Threading.WaitHandle.WaitOneNative(SafeHandle waitableSafeHandle, UInt32 millisecondsTimeout, Boolean hasThreadAffinity, Boolean exitContext)
   在 System.Threading.WaitHandle.InternalWaitOne(SafeHandle waitableSafeHandle, Int64 millisecondsTimeout, Boolean hasThreadAffinity, Boolean exitContext)
   在 System.Threading.WaitHandle.WaitOne(Int32 millisecondsTimeout, Boolean exitContext)
   在 XPCar.Prj.Flow.RcvdProtocolManager.FunctionWorkDecode() 位置 D:\Github\Work\ST-9980APlus\XPCar\XPCar\Prj\Flow\RcvdProtocolManager.cs:行号 100
2019-10-05 19:51:10,109 [DEBUG] [1] [Log][Debug] - FrmMain_Load(): Initial Success!
2019-10-05 19:52:09,752 [DEBUG] [1] [Log][Debug] - FrmMain_Load(): Initial Success!
2019-10-05 19:52:30,930 [ERROR] [7] [Log][Error] - FunctionWorkRead()
System.Threading.ThreadAbortException: 正在中止线程。
   在 XPCar.Prj.Flow.RcvdProtocolManager.FunctionWorkRead() 位置 D:\Github\Work\ST-9980APlus\XPCar\XPCar\Prj\Flow\RcvdProtocolManager.cs:行号 68
2019-10-05 19:52:30,993 [ERROR] [8] [Log][Error] - FunctionWorkDecode()
System.Threading.ThreadAbortException: 正在中止线程。
   在 System.Threading.WaitHandle.WaitOneNative(SafeHandle waitableSafeHandle, UInt32 millisecondsTimeout, Boolean hasThreadAffinity, Boolean exitContext)
   在 System.Threading.WaitHandle.InternalWaitOne(SafeHandle waitableSafeHandle, Int64 millisecondsTimeout, Boolean hasThreadAffinity, Boolean exitContext)
   在 System.Threading.WaitHandle.WaitOne(Int32 millisecondsTimeout, Boolean exitContext)
   在 XPCar.Prj.Flow.RcvdProtocolManager.FunctionWorkDecode() 位置 D:\Github\Work\ST-9980APlus\XPCar\XPCar\Prj\Flow\RcvdProtocolManager.cs:行号 100
