2019-09-23 17:19:14,380 [DEBUG] [1] [Log][Debug] - FrmMain_Load(): Initial Success!
2019-09-23 17:19:18,268 [ERROR] [1] [Log][Error] - Connect()
System.UnauthorizedAccessException: 对端口“COM10”的访问被拒绝。
   在 System.IO.Ports.InternalResources.WinIOError(Int32 errorCode, String str)
   在 System.IO.Ports.SerialStream..ctor(String portName, Int32 baudRate, Parity parity, Int32 dataBits, StopBits stopBits, Int32 readTimeout, Int32 writeTimeout, Handshake handshake, Boolean dtrEnable, Boolean rtsEnable, Boolean discardNull, Byte parityReplace)
   在 System.IO.Ports.SerialPort.Open()
   在 XPCar.Sys.IO.Port.SerialPortIO.Connect() 位置 D:\Github\Work\Work\Aplus\XPCar\XPCar\Sys.IO\Port\SerialPortIO.cs:行号 65
2019-09-23 17:26:23,349 [WARN ] [8] [Log][Warn] - VerifyProtocolFormat() errorCode = -10, Cannot decode Len = 26, deleteLen = 26, Data = 7E 30 30 46 46 34 33 37 30 30 33 31 38 32 36 46 34 35 36 30 31 0D 34 31 7E 30 
2019-09-23 17:26:47,575 [ERROR] [7] [Log][Error] - FunctionWorkRead()
System.Threading.ThreadAbortException: 正在中止线程。
   在 XPCar.Prj.Flow.RcvdProtocolManager.FunctionWorkRead() 位置 D:\Github\Work\Work\Aplus\XPCar\XPCar\Prj\Flow\RcvdProtocolManager.cs:行号 68
2019-09-23 17:26:47,621 [ERROR] [8] [Log][Error] - FunctionWorkDecode()
System.Threading.ThreadAbortException: 正在中止线程。
   在 System.Threading.WaitHandle.WaitOneNative(SafeHandle waitableSafeHandle, UInt32 millisecondsTimeout, Boolean hasThreadAffinity, Boolean exitContext)
   在 System.Threading.WaitHandle.InternalWaitOne(SafeHandle waitableSafeHandle, Int64 millisecondsTimeout, Boolean hasThreadAffinity, Boolean exitContext)
   在 System.Threading.WaitHandle.WaitOne(Int32 millisecondsTimeout, Boolean exitContext)
   在 XPCar.Prj.Flow.RcvdProtocolManager.FunctionWorkDecode() 位置 D:\Github\Work\Work\Aplus\XPCar\XPCar\Prj\Flow\RcvdProtocolManager.cs:行号 100
2019-09-23 17:26:54,675 [DEBUG] [1] [Log][Debug] - FrmMain_Load(): Initial Success!
2019-09-23 17:27:28,973 [WARN ] [8] [Log][Warn] - VerifyProtocolFormat() errorCode = 0, Cannot decode Len = 55, deleteLen = 55, Data = 7E 30 30 46 46 34 33 37 30 30 30 30 39 30 30 30 30 30 31 36 37 0D 36 34 7E 30 30 46 46 34 33 35 30 30 33 31 38 32 36 46 34 35 36 30 31 30 31 30 30 30 30 30 30 30 30 30 
2019-09-23 17:27:28,994 [WARN ] [8] [Log][Warn] - VerifyProtocolFormat() errorCode = 0, Cannot decode Len = 6, deleteLen = 6, Data = 30 30 30 0D 41 32 
2019-09-23 17:28:30,368 [WARN ] [8] [Log][Warn] - VerifyProtocolFormat() errorCode = 0, Cannot decode Len = 55, deleteLen = 55, Data = 7E 30 30 46 46 34 33 37 30 30 30 30 39 30 30 30 30 30 31 36 37 0D 36 34 7E 30 30 46 46 34 33 35 30 30 33 31 38 32 36 46 34 35 36 30 31 30 31 30 30 30 30 30 30 30 30 30 
2019-09-23 18:13:07,214 [DEBUG] [1] [Log][Debug] - FrmMain_Load(): Initial Success!
2019-09-23 18:14:13,455 [WARN ] [8] [Log][Warn] - VerifyProtocolFormat() errorCode = -10, Cannot decode Len = 26, deleteLen = 26, Data = 7E 30 30 46 46 34 33 37 30 30 30 30 39 30 30 30 30 30 31 36 43 0D 35 38 7E 30 
2019-09-23 18:14:13,460 [WARN ] [8] [Log][Warn] - VerifyProtocolFormat() errorCode = 0, Cannot decode Len = 18, deleteLen = 18, Data = 30 46 46 34 32 34 30 30 30 30 30 30 30 30 30 0D 33 46 
2019-09-23 18:14:14,440 [WARN ] [8] [Log][Warn] - VerifyProtocolFormat() errorCode = -10, Cannot decode Len = 26, deleteLen = 26, Data = 7E 30 30 46 46 34 33 37 30 30 30 30 39 30 30 30 30 30 31 36 43 0D 35 38 7E 30 
2019-09-23 18:14:16,411 [WARN ] [8] [Log][Warn] - VerifyProtocolFormat() errorCode = -10, Cannot decode Len = 26, deleteLen = 26, Data = 7E 30 30 46 46 34 33 37 30 30 30 30 39 30 30 30 30 30 31 36 43 0D 35 38 7E 30 
2019-09-23 18:14:16,421 [WARN ] [8] [Log][Warn] - VerifyProtocolFormat() errorCode = 0, Cannot decode Len = 18, deleteLen = 18, Data = 30 46 46 34 32 34 30 30 30 30 30 30 30 30 30 0D 33 46 
2019-09-23 18:14:38,791 [WARN ] [8] [Log][Warn] - VerifyProtocolFormat() errorCode = -10, Cannot decode Len = 36, deleteLen = 36, Data = 7E 30 30 46 46 34 33 35 30 30 30 30 30 30 30 30 30 46 34 34 43 31 44 46 46 46 46 46 46 46 46 46 46 46 46 34 
2019-09-23 19:30:51,248 [WARN ] [8] [Log][Warn] - VerifyProtocolFormat() errorCode = 0, Cannot decode Len = 55, deleteLen = 55, Data = 7E 30 30 46 46 34 33 37 30 30 30 30 30 30 30 30 30 30 31 34 45 0D 36 31 7E 30 30 46 46 34 31 30 31 30 30 30 36 30 30 30 31 30 31 34 45 30 31 35 42 30 31 34 44 30 30 32 
2019-09-23 19:30:51,252 [WARN ] [8] [Log][Warn] - VerifyProtocolFormat() errorCode = 0, Cannot decode Len = 13, deleteLen = 13, Data = 38 30 30 34 30 30 30 30 30 30 30 0D 30 33 
2019-09-23 19:31:33,980 [WARN ] [8] [Log][Warn] - VerifyProtocolFormat() errorCode = -10, Cannot decode Len = 36, deleteLen = 36, Data = 7E 30 30 46 46 34 33 35 30 30 30 30 36 30 30 30 31 30 31 34 45 30 31 35 42 30 31 35 30 30 30 32 38 30 30 34 
2019-09-23 19:31:33,983 [WARN ] [8] [Log][Warn] - VerifyProtocolFormat() errorCode = 0, Cannot decode Len = 59, deleteLen = 59, Data = 30 30 30 37 38 30 43 30 30 30 30 30 30 30 30 30 30 30 30 30 30 30 30 30 30 30 30 30 30 30 30 30 30 30 30 30 30 30 30 30 30 30 30 30 30 30 30 30 30 30 30 30 30 30 30 30 30 0D 38 45 
2019-09-23 19:31:34,389 [WARN ] [8] [Log][Warn] - VerifyProtocolFormat() errorCode = -10, Cannot decode Len = 36, deleteLen = 36, Data = 7E 30 30 46 46 34 33 35 30 30 30 30 36 30 30 30 31 30 31 34 45 30 31 35 42 30 31 35 30 30 30 32 38 30 30 34 
2019-09-23 19:31:34,392 [WARN ] [8] [Log][Warn] - VerifyProtocolFormat() errorCode = 0, Cannot decode Len = 59, deleteLen = 59, Data = 30 30 30 37 38 30 43 30 30 30 30 30 30 30 30 30 30 30 30 30 30 30 30 30 30 30 30 30 30 30 30 30 30 30 30 30 30 30 30 30 30 30 30 30 30 30 30 30 30 30 30 30 30 30 30 30 30 0D 38 45 
2019-09-23 19:32:47,726 [WARN ] [8] [Log][Warn] - VerifyProtocolFormat() errorCode = -10, Cannot decode Len = 26, deleteLen = 26, Data = 7E 30 30 46 46 34 33 37 30 30 30 30 30 30 30 30 30 30 31 34 45 0D 36 31 7E 30 
2019-09-23 19:34:47,273 [WARN ] [8] [Log][Warn] - VerifyProtocolFormat() errorCode = -10, Cannot decode Len = 26, deleteLen = 26, Data = 7E 30 30 46 46 34 33 37 30 30 30 30 36 30 30 30 30 30 31 34 45 0D 35 42 7E 30 
2019-09-23 19:35:11,407 [WARN ] [8] [Log][Warn] - VerifyProtocolFormat() errorCode = -10, Cannot decode Len = 26, deleteLen = 26, Data = 7E 30 30 46 46 34 33 37 30 30 30 30 30 30 30 30 30 30 31 34 45 0D 36 31 7E 30 
2019-09-23 19:37:04,534 [WARN ] [8] [Log][Warn] - VerifyProtocolFormat() errorCode = -10, Cannot decode Len = 26, deleteLen = 26, Data = 7E 30 30 46 46 34 33 37 30 30 30 30 36 30 30 30 30 30 31 35 30 0D 36 46 7E 30 
2019-09-23 19:37:04,554 [WARN ] [8] [Log][Warn] - VerifyProtocolFormat() errorCode = 0, Cannot decode Len = 18, deleteLen = 18, Data = 30 46 46 34 33 33 30 30 30 30 36 30 30 30 30 0D 33 39 
2019-09-23 19:38:53,897 [WARN ] [8] [Log][Warn] - VerifyProtocolFormat() errorCode = -10, Cannot decode Len = 26, deleteLen = 26, Data = 7E 30 30 46 46 34 33 37 30 30 30 30 30 30 30 30 30 30 31 35 30 0D 37 35 7E 30 
2019-09-23 19:40:17,126 [WARN ] [8] [Log][Warn] - VerifyProtocolFormat() errorCode = -10, Cannot decode Len = 26, deleteLen = 26, Data = 7E 30 30 46 46 34 33 37 30 30 30 30 36 30 30 30 30 30 31 35 30 0D 36 46 7E 30 
2019-09-23 19:40:17,161 [WARN ] [8] [Log][Warn] - VerifyProtocolFormat() errorCode = 0, Cannot decode Len = 18, deleteLen = 18, Data = 30 46 46 34 33 33 30 30 30 30 36 30 30 30 30 0D 33 39 
2019-09-23 19:40:23,920 [WARN ] [8] [Log][Warn] - VerifyProtocolFormat() errorCode = -10, Cannot decode Len = 26, deleteLen = 26, Data = 7E 30 30 46 46 34 33 37 30 30 30 30 36 30 30 30 30 30 31 35 30 0D 36 46 7E 30 
2019-09-23 19:41:12,928 [WARN ] [8] [Log][Warn] - VerifyProtocolFormat() errorCode = -10, Cannot decode Len = 26, deleteLen = 26, Data = 7E 30 30 46 46 34 33 37 30 30 30 30 36 30 30 30 30 30 31 35 30 0D 36 46 7E 30 
2019-09-23 19:41:12,938 [WARN ] [8] [Log][Warn] - VerifyProtocolFormat() errorCode = 0, Cannot decode Len = 18, deleteLen = 18, Data = 30 46 46 34 33 33 30 30 30 30 36 30 30 30 30 0D 33 39 
2019-09-23 19:43:13,253 [WARN ] [8] [Log][Warn] - VerifyProtocolFormat() errorCode = 0, Cannot decode Len = 55, deleteLen = 55, Data = 7E 30 30 46 46 34 33 37 30 30 30 30 39 30 30 30 30 30 31 35 32 0D 36 41 7E 30 30 46 46 34 31 30 31 30 30 30 39 30 30 30 30 30 31 35 32 30 31 35 44 30 31 36 43 30 30 32 
2019-09-23 19:43:13,257 [WARN ] [8] [Log][Warn] - VerifyProtocolFormat() errorCode = 0, Cannot decode Len = 13, deleteLen = 13, Data = 38 30 30 34 30 30 30 30 30 30 43 0D 46 44 
2019-09-23 19:43:18,219 [WARN ] [8] [Log][Warn] - VerifyProtocolFormat() errorCode = -10, Cannot decode Len = 26, deleteLen = 26, Data = 7E 30 30 46 46 34 33 37 30 30 30 30 39 30 30 30 30 30 31 35 32 0D 36 41 7E 30 
2019-09-23 19:43:18,283 [WARN ] [8] [Log][Warn] - VerifyProtocolFormat() errorCode = 0, Cannot decode Len = 18, deleteLen = 18, Data = 30 46 46 34 33 33 30 30 30 30 39 30 30 30 30 0D 33 36 
2019-09-23 19:43:32,708 [WARN ] [8] [Log][Warn] - VerifyProtocolFormat() errorCode = -10, Cannot decode Len = 26, deleteLen = 26, Data = 7E 30 30 46 46 34 33 37 30 30 30 30 39 30 30 30 30 30 31 35 32 0D 36 41 7E 30 
2019-09-23 19:43:32,722 [WARN ] [8] [Log][Warn] - VerifyProtocolFormat() errorCode = 0, Cannot decode Len = 18, deleteLen = 18, Data = 30 46 46 34 33 33 30 30 30 30 39 30 30 30 30 0D 33 36 
2019-09-23 19:45:24,940 [WARN ] [8] [Log][Warn] - VerifyProtocolFormat() errorCode = -10, Cannot decode Len = 26, deleteLen = 26, Data = 7E 30 30 46 46 34 33 37 30 30 30 30 39 30 30 30 30 30 31 35 32 0D 36 41 7E 30 
2019-09-23 19:45:24,960 [WARN ] [8] [Log][Warn] - VerifyProtocolFormat() errorCode = 0, Cannot decode Len = 18, deleteLen = 18, Data = 30 46 46 34 32 34 30 30 30 30 30 30 30 30 30 0D 33 46 
2019-09-23 19:49:02,870 [WARN ] [8] [Log][Warn] - VerifyProtocolFormat() errorCode = -10, Cannot decode Len = 26, deleteLen = 26, Data = 7E 30 30 46 46 34 33 37 30 30 30 30 30 30 30 30 30 30 31 35 35 0D 37 30 7E 30 
2019-09-23 19:49:05,490 [WARN ] [8] [Log][Warn] - VerifyProtocolFormat() errorCode = -10, Cannot decode Len = 26, deleteLen = 26, Data = 7E 30 30 46 46 34 33 37 30 30 30 30 30 30 30 30 30 30 31 35 35 0D 37 30 7E 30 
2019-09-23 19:50:57,653 [WARN ] [8] [Log][Warn] - VerifyProtocolFormat() errorCode = -10, Cannot decode Len = 26, deleteLen = 26, Data = 7E 30 30 46 46 34 33 37 30 30 30 30 39 30 30 30 30 30 31 35 35 0D 36 37 7E 30 
2019-09-23 19:50:57,678 [WARN ] [8] [Log][Warn] - VerifyProtocolFormat() errorCode = 0, Cannot decode Len = 18, deleteLen = 18, Data = 30 46 46 34 33 33 30 30 30 30 39 30 30 30 30 0D 33 36 
2019-09-23 19:51:00,840 [WARN ] [8] [Log][Warn] - VerifyProtocolFormat() errorCode = -10, Cannot decode Len = 26, deleteLen = 26, Data = 7E 30 30 46 46 34 33 37 30 30 30 30 39 30 30 30 30 30 31 35 35 0D 36 37 7E 30 
2019-09-23 19:51:00,844 [WARN ] [8] [Log][Warn] - VerifyProtocolFormat() errorCode = 0, Cannot decode Len = 37, deleteLen = 37, Data = 30 46 46 34 31 30 31 30 30 30 39 30 30 30 30 30 31 35 35 30 31 35 46 30 31 37 34 30 30 32 38 30 30 34 30 30 30 30 
2019-09-23 19:51:00,872 [WARN ] [8] [Log][Warn] - VerifyProtocolFormat() errorCode = 0, Cannot decode Len = 6, deleteLen = 6, Data = 30 30 30 0D 31 39 
2019-09-23 19:53:01,923 [WARN ] [8] [Log][Warn] - VerifyProtocolFormat() errorCode = 0, Cannot decode Len = 55, deleteLen = 55, Data = 7E 30 30 46 46 34 33 37 30 30 30 30 39 30 30 30 30 30 31 35 35 0D 36 37 7E 30 30 46 46 34 31 30 31 30 30 30 39 30 30 30 30 30 31 35 35 30 31 36 31 30 31 37 36 30 30 32 
2019-09-23 19:53:01,927 [WARN ] [8] [Log][Warn] - VerifyProtocolFormat() errorCode = 0, Cannot decode Len = 13, deleteLen = 13, Data = 38 30 30 34 30 30 30 30 30 30 43 0D 31 38 
2019-09-23 19:53:06,489 [WARN ] [8] [Log][Warn] - VerifyProtocolFormat() errorCode = -10, Cannot decode Len = 26, deleteLen = 26, Data = 7E 30 30 46 46 34 33 37 30 30 30 30 39 30 30 30 30 30 31 35 35 0D 36 37 7E 30 
2019-09-23 19:54:46,322 [WARN ] [8] [Log][Warn] - VerifyProtocolFormat() errorCode = -10, Cannot decode Len = 26, deleteLen = 26, Data = 7E 30 30 46 46 34 33 37 30 30 30 30 39 30 30 30 30 30 31 35 37 0D 36 35 7E 30 
2019-09-23 19:54:46,377 [WARN ] [8] [Log][Warn] - VerifyProtocolFormat() errorCode = 0, Cannot decode Len = 18, deleteLen = 18, Data = 30 46 46 34 33 33 30 30 30 30 39 30 30 30 30 0D 33 36 
2019-09-23 19:56:43,297 [WARN ] [8] [Log][Warn] - VerifyProtocolFormat() errorCode = 0, Cannot decode Len = 55, deleteLen = 55, Data = 7E 30 30 46 46 34 33 37 30 30 30 30 30 30 30 30 30 30 31 35 37 0D 36 45 7E 30 30 46 46 34 31 30 31 30 30 30 39 30 30 30 30 30 31 35 37 30 31 36 31 30 31 37 38 30 30 32 
2019-09-23 19:56:43,302 [WARN ] [8] [Log][Warn] - VerifyProtocolFormat() errorCode = 0, Cannot decode Len = 13, deleteLen = 13, Data = 38 30 30 34 30 30 30 30 30 30 30 0D 32 37 
2019-09-23 19:58:22,288 [WARN ] [8] [Log][Warn] - VerifyProtocolFormat() errorCode = -10, Cannot decode Len = 26, deleteLen = 26, Data = 7E 30 30 46 46 34 33 37 30 30 30 30 39 30 30 30 30 30 31 35 39 0D 36 33 7E 30 
2019-09-23 19:58:22,296 [WARN ] [8] [Log][Warn] - VerifyProtocolFormat() errorCode = 0, Cannot decode Len = 18, deleteLen = 18, Data = 30 46 46 34 32 34 30 30 30 30 30 30 30 30 30 0D 33 46 
2019-09-23 19:59:24,958 [WARN ] [8] [Log][Warn] - VerifyProtocolFormat() errorCode = -10, Cannot decode Len = 26, deleteLen = 26, Data = 7E 30 30 46 46 34 33 37 30 30 30 30 39 30 30 30 30 30 31 35 39 0D 36 33 7E 30 
2019-09-23 19:59:24,978 [WARN ] [8] [Log][Warn] - VerifyProtocolFormat() errorCode = 0, Cannot decode Len = 18, deleteLen = 18, Data = 30 46 46 34 32 34 30 30 30 30 30 30 30 30 30 0D 33 46 
2019-09-23 20:01:43,478 [WARN ] [8] [Log][Warn] - VerifyProtocolFormat() errorCode = -10, Cannot decode Len = 26, deleteLen = 26, Data = 7E 30 30 46 46 34 33 37 30 30 30 30 30 30 30 30 30 30 31 35 39 0D 36 43 7E 30 
2019-09-23 20:03:01,068 [WARN ] [8] [Log][Warn] - VerifyProtocolFormat() errorCode = -10, Cannot decode Len = 26, deleteLen = 26, Data = 7E 30 30 46 46 34 33 37 30 30 30 30 39 30 30 30 30 30 31 35 42 0D 35 41 7E 30 
2019-09-23 20:04:13,138 [WARN ] [8] [Log][Warn] - VerifyProtocolFormat() errorCode = -10, Cannot decode Len = 26, deleteLen = 26, Data = 7E 30 30 46 46 34 33 37 30 30 30 30 30 30 30 30 30 30 31 35 42 0D 36 33 7E 30 
2019-09-23 20:06:23,619 [WARN ] [8] [Log][Warn] - VerifyProtocolFormat() errorCode = -10, Cannot decode Len = 26, deleteLen = 26, Data = 7E 30 30 46 46 34 33 37 30 30 30 30 39 30 30 30 30 30 31 35 44 0D 35 38 7E 30 
2019-09-23 20:06:23,639 [WARN ] [8] [Log][Warn] - VerifyProtocolFormat() errorCode = 0, Cannot decode Len = 18, deleteLen = 18, Data = 30 46 46 34 33 33 30 30 30 30 39 30 30 30 30 0D 33 36 
