2019-09-25 14:14:38,267 [DEBUG] [1] [Log][Debug] - FrmMain_Load(): Initial Success!
2019-09-25 14:14:49,038 [WARN ] [8] [Log][Warn] - VerifyProtocolFormat() errorCode = -10, Cannot decode Len = 36, deleteLen = 36, Data = 7E 30 30 46 46 34 33 35 30 30 30 31 36 30 30 30 33 30 30 45 41 30 30 45 38 30 31 31 33 30 30 32 37 30 30 33 
2019-09-25 14:14:49,038 [WARN ] [8] [Log][Warn] - VerifyProtocolFormat() errorCode = 0, Cannot decode Len = 59, deleteLen = 59, Data = 45 30 30 30 30 30 30 30 30 30 30 30 30 30 30 30 30 30 30 30 30 30 30 30 30 30 30 30 30 30 30 30 30 30 30 30 30 30 30 30 30 30 30 30 30 30 30 30 30 30 30 30 30 30 30 30 30 0D 38 41 
2019-09-25 14:23:03,058 [WARN ] [8] [Log][Warn] - VerifyProtocolFormat() errorCode = -10, Cannot decode Len = 26, deleteLen = 26, Data = 7E 30 30 46 46 34 33 37 30 30 33 31 38 32 36 46 34 35 36 30 31 0D 34 31 7E 30 
2019-09-25 14:23:03,074 [WARN ] [8] [Log][Warn] - VerifyProtocolFormat() errorCode = 0, Cannot decode Len = 18, deleteLen = 18, Data = 30 46 46 34 32 34 30 30 30 30 30 30 30 30 30 0D 33 46 
2019-09-25 14:23:18,867 [WARN ] [8] [Log][Warn] - VerifyProtocolFormat() errorCode = -10, Cannot decode Len = 36, deleteLen = 36, Data = 7E 30 30 46 46 34 33 35 30 30 32 31 38 32 37 35 36 46 34 34 43 31 44 46 46 46 7E 30 30 46 46 34 32 34 30 30 
2019-09-25 14:28:41,973 [WARN ] [8] [Log][Warn] - VerifyProtocolFormat() errorCode = 0, Cannot decode Len = 55, deleteLen = 55, Data = 7E 30 30 46 46 34 33 37 30 30 30 32 31 30 30 30 33 30 30 45 45 0D 34 42 7E 30 30 46 46 34 33 35 30 30 33 31 38 32 36 46 34 35 36 30 31 30 31 30 30 30 30 30 30 30 30 30 
2019-09-25 14:28:41,988 [WARN ] [8] [Log][Warn] - VerifyProtocolFormat() errorCode = 0, Cannot decode Len = 6, deleteLen = 6, Data = 30 30 30 0D 41 32 
2019-09-25 14:38:23,000 [ERROR] [8] [Log][Error] - FunctionWorkDecode()
System.Threading.ThreadAbortException: 正在中止线程。
   在 System.Threading.WaitHandle.WaitOneNative(SafeHandle waitableSafeHandle, UInt32 millisecondsTimeout, Boolean hasThreadAffinity, Boolean exitContext)
   在 System.Threading.WaitHandle.InternalWaitOne(SafeHandle waitableSafeHandle, Int64 millisecondsTimeout, Boolean hasThreadAffinity, Boolean exitContext)
   在 System.Threading.WaitHandle.WaitOne(Int32 millisecondsTimeout, Boolean exitContext)
   在 XPCar.Prj.Flow.RcvdProtocolManager.FunctionWorkDecode() 位置 D:\Github\Work\ST-9980APlus\XPCar\XPCar\Prj\Flow\RcvdProtocolManager.cs:行号 100
2019-09-25 14:38:23,235 [ERROR] [13] [Log][Error] - HandleDataReceived()
System.ObjectDisposedException: 已关闭 Safe handle
   在 System.Runtime.InteropServices.SafeHandle.DangerousAddRef(Boolean& success)
   在 System.StubHelpers.StubHelpers.SafeHandleAddRef(SafeHandle pHandle, Boolean& success)
   在 Microsoft.Win32.Win32Native.SetEvent(SafeWaitHandle handle)
   在 System.Threading.EventWaitHandle.Set()
   在 XPCar.Prj.Flow.RcvdProtocolManager.EnqueueTask(RawData rawData) 位置 D:\Github\Work\ST-9980APlus\XPCar\XPCar\Prj\Flow\RcvdProtocolManager.cs:行号 116
   在 XPCar.Prj.Flow.RcvdProtocolManager.HandleDataReceived(Int32 index, Byte[] buf, Int32 len) 位置 D:\Github\Work\ST-9980APlus\XPCar\XPCar\Prj\Flow\RcvdProtocolManager.cs:行号 193
2019-09-25 14:38:23,250 [ERROR] [21] [Log][Error] - HandleDataReceived()
System.ObjectDisposedException: 已关闭 Safe handle
   在 System.Runtime.InteropServices.SafeHandle.DangerousAddRef(Boolean& success)
   在 System.StubHelpers.StubHelpers.SafeHandleAddRef(SafeHandle pHandle, Boolean& success)
   在 Microsoft.Win32.Win32Native.SetEvent(SafeWaitHandle handle)
   在 System.Threading.EventWaitHandle.Set()
   在 XPCar.Prj.Flow.RcvdProtocolManager.EnqueueTask(RawData rawData) 位置 D:\Github\Work\ST-9980APlus\XPCar\XPCar\Prj\Flow\RcvdProtocolManager.cs:行号 116
   在 XPCar.Prj.Flow.RcvdProtocolManager.HandleDataReceived(Int32 index, Byte[] buf, Int32 len) 位置 D:\Github\Work\ST-9980APlus\XPCar\XPCar\Prj\Flow\RcvdProtocolManager.cs:行号 193
2019-09-25 14:38:23,328 [ERROR] [21] [Log][Error] - HandleDataReceived()
System.ObjectDisposedException: 已关闭 Safe handle
   在 System.Runtime.InteropServices.SafeHandle.DangerousAddRef(Boolean& success)
   在 System.StubHelpers.StubHelpers.SafeHandleAddRef(SafeHandle pHandle, Boolean& success)
   在 Microsoft.Win32.Win32Native.SetEvent(SafeWaitHandle handle)
   在 System.Threading.EventWaitHandle.Set()
   在 XPCar.Prj.Flow.RcvdProtocolManager.EnqueueTask(RawData rawData) 位置 D:\Github\Work\ST-9980APlus\XPCar\XPCar\Prj\Flow\RcvdProtocolManager.cs:行号 116
   在 XPCar.Prj.Flow.RcvdProtocolManager.HandleDataReceived(Int32 index, Byte[] buf, Int32 len) 位置 D:\Github\Work\ST-9980APlus\XPCar\XPCar\Prj\Flow\RcvdProtocolManager.cs:行号 193
2019-09-25 16:33:13,502 [DEBUG] [1] [Log][Debug] - FrmMain_Load(): Initial Success!
2019-09-25 16:33:18,173 [ERROR] [8] [Log][Error] - FunctionWorkRead()
System.Threading.ThreadAbortException: 正在中止线程。
   在 XPCar.Prj.Flow.RcvdProtocolManager.FunctionWorkRead() 位置 D:\Github\Work\ST-9980APlus\XPCar\XPCar\Prj\Flow\RcvdProtocolManager.cs:行号 68
2019-09-25 16:33:18,251 [ERROR] [9] [Log][Error] - FunctionWorkDecode()
System.Threading.ThreadAbortException: 正在中止线程。
   在 System.Threading.WaitHandle.WaitOneNative(SafeHandle waitableSafeHandle, UInt32 millisecondsTimeout, Boolean hasThreadAffinity, Boolean exitContext)
   在 System.Threading.WaitHandle.InternalWaitOne(SafeHandle waitableSafeHandle, Int64 millisecondsTimeout, Boolean hasThreadAffinity, Boolean exitContext)
   在 System.Threading.WaitHandle.WaitOne(Int32 millisecondsTimeout, Boolean exitContext)
   在 XPCar.Prj.Flow.RcvdProtocolManager.FunctionWorkDecode() 位置 D:\Github\Work\ST-9980APlus\XPCar\XPCar\Prj\Flow\RcvdProtocolManager.cs:行号 100
2019-09-25 17:06:19,250 [DEBUG] [1] [Log][Debug] - FrmMain_Load(): Initial Success!
2019-09-25 17:06:28,295 [ERROR] [7] [Log][Error] - FunctionWorkRead()
System.Threading.ThreadAbortException: 正在中止线程。
   在 XPCar.Prj.Flow.RcvdProtocolManager.FunctionWorkRead() 位置 D:\Github\Work\ST-9980APlus\XPCar\XPCar\Prj\Flow\RcvdProtocolManager.cs:行号 68
2019-09-25 17:06:28,373 [ERROR] [8] [Log][Error] - FunctionWorkDecode()
System.Threading.ThreadAbortException: 正在中止线程。
   在 System.Threading.WaitHandle.WaitOneNative(SafeHandle waitableSafeHandle, UInt32 millisecondsTimeout, Boolean hasThreadAffinity, Boolean exitContext)
   在 System.Threading.WaitHandle.InternalWaitOne(SafeHandle waitableSafeHandle, Int64 millisecondsTimeout, Boolean hasThreadAffinity, Boolean exitContext)
   在 System.Threading.WaitHandle.WaitOne(Int32 millisecondsTimeout, Boolean exitContext)
   在 XPCar.Prj.Flow.RcvdProtocolManager.FunctionWorkDecode() 位置 D:\Github\Work\ST-9980APlus\XPCar\XPCar\Prj\Flow\RcvdProtocolManager.cs:行号 100
2019-09-25 17:06:49,553 [DEBUG] [1] [Log][Debug] - FrmMain_Load(): Initial Success!
2019-09-25 17:07:32,996 [ERROR] [7] [Log][Error] - FunctionWorkRead()
System.Threading.ThreadAbortException: 正在中止线程。
   在 XPCar.Prj.Flow.RcvdProtocolManager.FunctionWorkRead() 位置 D:\Github\Work\ST-9980APlus\XPCar\XPCar\Prj\Flow\RcvdProtocolManager.cs:行号 68
2019-09-25 17:07:33,058 [ERROR] [8] [Log][Error] - FunctionWorkDecode()
System.Threading.ThreadAbortException: 正在中止线程。
   在 System.Threading.WaitHandle.WaitOneNative(SafeHandle waitableSafeHandle, UInt32 millisecondsTimeout, Boolean hasThreadAffinity, Boolean exitContext)
   在 System.Threading.WaitHandle.InternalWaitOne(SafeHandle waitableSafeHandle, Int64 millisecondsTimeout, Boolean hasThreadAffinity, Boolean exitContext)
   在 System.Threading.WaitHandle.WaitOne(Int32 millisecondsTimeout, Boolean exitContext)
   在 XPCar.Prj.Flow.RcvdProtocolManager.FunctionWorkDecode() 位置 D:\Github\Work\ST-9980APlus\XPCar\XPCar\Prj\Flow\RcvdProtocolManager.cs:行号 100
