2019-08-30 14:10:59,036 [DEBUG] [1] [Log][Debug] - FrmMain_Load(): Initial Success!
2019-08-30 14:11:00,666 [ERROR] [7] [Log][Error] - FunctionWorkRead()
System.Threading.ThreadAbortException: 正在中止线程。
   在 XPCar.Prj.Flow.RcvdProtocolManager.FunctionWorkRead() 位置 D:\Github\Work\Work\Aplus\XPCar\XPCar\Prj\Flow\RcvdProtocolManager.cs:行号 68
2019-08-30 14:11:00,723 [ERROR] [8] [Log][Error] - FunctionWorkDecode()
System.Threading.ThreadAbortException: 正在中止线程。
   在 System.Threading.WaitHandle.WaitOneNative(SafeHandle waitableSafeHandle, UInt32 millisecondsTimeout, Boolean hasThreadAffinity, Boolean exitContext)
   在 System.Threading.WaitHandle.InternalWaitOne(SafeHandle waitableSafeHandle, Int64 millisecondsTimeout, Boolean hasThreadAffinity, Boolean exitContext)
   在 System.Threading.WaitHandle.WaitOne(Int32 millisecondsTimeout, Boolean exitContext)
   在 XPCar.Prj.Flow.RcvdProtocolManager.FunctionWorkDecode() 位置 D:\Github\Work\Work\Aplus\XPCar\XPCar\Prj\Flow\RcvdProtocolManager.cs:行号 112
2019-08-30 15:58:36,407 [DEBUG] [1] [Log][Debug] - FrmMain_Load(): Initial Success!
2019-08-30 15:58:56,596 [ERROR] [7] [Log][Error] - FunctionWorkRead()
System.Threading.ThreadAbortException: 正在中止线程。
   在 XPCar.Prj.Flow.RcvdProtocolManager.FunctionWorkRead() 位置 D:\Github\Work\Work\Aplus\XPCar\XPCar\Prj\Flow\RcvdProtocolManager.cs:行号 68
2019-08-30 15:58:56,648 [ERROR] [8] [Log][Error] - FunctionWorkDecode()
System.Threading.ThreadAbortException: 正在中止线程。
   在 System.Threading.WaitHandle.WaitOneNative(SafeHandle waitableSafeHandle, UInt32 millisecondsTimeout, Boolean hasThreadAffinity, Boolean exitContext)
   在 System.Threading.WaitHandle.InternalWaitOne(SafeHandle waitableSafeHandle, Int64 millisecondsTimeout, Boolean hasThreadAffinity, Boolean exitContext)
   在 System.Threading.WaitHandle.WaitOne(Int32 millisecondsTimeout, Boolean exitContext)
   在 XPCar.Prj.Flow.RcvdProtocolManager.FunctionWorkDecode() 位置 D:\Github\Work\Work\Aplus\XPCar\XPCar\Prj\Flow\RcvdProtocolManager.cs:行号 112
2019-08-30 15:59:19,663 [DEBUG] [1] [Log][Debug] - FrmMain_Load(): Initial Success!
2019-08-30 15:59:29,169 [ERROR] [7] [Log][Error] - FunctionWorkRead()
System.Threading.ThreadAbortException: 正在中止线程。
   在 XPCar.Prj.Flow.RcvdProtocolManager.FunctionWorkRead() 位置 D:\Github\Work\Work\Aplus\XPCar\XPCar\Prj\Flow\RcvdProtocolManager.cs:行号 68
2019-08-30 15:59:29,222 [ERROR] [8] [Log][Error] - FunctionWorkDecode()
System.Threading.ThreadAbortException: 正在中止线程。
   在 System.Threading.WaitHandle.WaitOneNative(SafeHandle waitableSafeHandle, UInt32 millisecondsTimeout, Boolean hasThreadAffinity, Boolean exitContext)
   在 System.Threading.WaitHandle.InternalWaitOne(SafeHandle waitableSafeHandle, Int64 millisecondsTimeout, Boolean hasThreadAffinity, Boolean exitContext)
   在 System.Threading.WaitHandle.WaitOne(Int32 millisecondsTimeout, Boolean exitContext)
   在 XPCar.Prj.Flow.RcvdProtocolManager.FunctionWorkDecode() 位置 D:\Github\Work\Work\Aplus\XPCar\XPCar\Prj\Flow\RcvdProtocolManager.cs:行号 112
2019-08-30 16:01:00,141 [DEBUG] [1] [Log][Debug] - FrmMain_Load(): Initial Success!
2019-08-30 16:01:12,595 [ERROR] [7] [Log][Error] - FunctionWorkRead()
System.Threading.ThreadAbortException: 正在中止线程。
   在 XPCar.Prj.Flow.RcvdProtocolManager.FunctionWorkRead() 位置 D:\Github\Work\Work\Aplus\XPCar\XPCar\Prj\Flow\RcvdProtocolManager.cs:行号 68
2019-08-30 16:01:12,650 [ERROR] [8] [Log][Error] - FunctionWorkDecode()
System.Threading.ThreadAbortException: 正在中止线程。
   在 System.Threading.WaitHandle.WaitOneNative(SafeHandle waitableSafeHandle, UInt32 millisecondsTimeout, Boolean hasThreadAffinity, Boolean exitContext)
   在 System.Threading.WaitHandle.InternalWaitOne(SafeHandle waitableSafeHandle, Int64 millisecondsTimeout, Boolean hasThreadAffinity, Boolean exitContext)
   在 System.Threading.WaitHandle.WaitOne(Int32 millisecondsTimeout, Boolean exitContext)
   在 XPCar.Prj.Flow.RcvdProtocolManager.FunctionWorkDecode() 位置 D:\Github\Work\Work\Aplus\XPCar\XPCar\Prj\Flow\RcvdProtocolManager.cs:行号 112
2019-08-30 16:01:58,026 [DEBUG] [1] [Log][Debug] - FrmMain_Load(): Initial Success!
2019-08-30 16:04:54,240 [ERROR] [7] [Log][Error] - FunctionWorkRead()
System.Threading.ThreadAbortException: 正在中止线程。
   在 XPCar.Prj.Flow.RcvdProtocolManager.FunctionWorkRead() 位置 D:\Github\Work\Work\Aplus\XPCar\XPCar\Prj\Flow\RcvdProtocolManager.cs:行号 68
2019-08-30 16:04:54,292 [ERROR] [8] [Log][Error] - FunctionWorkDecode()
System.Threading.ThreadAbortException: 正在中止线程。
   在 System.Threading.WaitHandle.WaitOneNative(SafeHandle waitableSafeHandle, UInt32 millisecondsTimeout, Boolean hasThreadAffinity, Boolean exitContext)
   在 System.Threading.WaitHandle.InternalWaitOne(SafeHandle waitableSafeHandle, Int64 millisecondsTimeout, Boolean hasThreadAffinity, Boolean exitContext)
   在 System.Threading.WaitHandle.WaitOne(Int32 millisecondsTimeout, Boolean exitContext)
   在 XPCar.Prj.Flow.RcvdProtocolManager.FunctionWorkDecode() 位置 D:\Github\Work\Work\Aplus\XPCar\XPCar\Prj\Flow\RcvdProtocolManager.cs:行号 112
2019-08-30 16:05:12,185 [DEBUG] [1] [Log][Debug] - FrmMain_Load(): Initial Success!
2019-08-30 16:05:47,679 [ERROR] [7] [Log][Error] - FunctionWorkRead()
System.Threading.ThreadAbortException: 正在中止线程。
   在 XPCar.Prj.Flow.RcvdProtocolManager.FunctionWorkRead() 位置 D:\Github\Work\Work\Aplus\XPCar\XPCar\Prj\Flow\RcvdProtocolManager.cs:行号 68
2019-08-30 16:05:47,719 [ERROR] [8] [Log][Error] - FunctionWorkDecode()
System.Threading.ThreadAbortException: 正在中止线程。
   在 System.Threading.WaitHandle.WaitOneNative(SafeHandle waitableSafeHandle, UInt32 millisecondsTimeout, Boolean hasThreadAffinity, Boolean exitContext)
   在 System.Threading.WaitHandle.InternalWaitOne(SafeHandle waitableSafeHandle, Int64 millisecondsTimeout, Boolean hasThreadAffinity, Boolean exitContext)
   在 System.Threading.WaitHandle.WaitOne(Int32 millisecondsTimeout, Boolean exitContext)
   在 XPCar.Prj.Flow.RcvdProtocolManager.FunctionWorkDecode() 位置 D:\Github\Work\Work\Aplus\XPCar\XPCar\Prj\Flow\RcvdProtocolManager.cs:行号 112
2019-08-30 16:27:19,650 [DEBUG] [1] [Log][Debug] - FrmMain_Load(): Initial Success!
2019-08-30 16:27:23,226 [ERROR] [7] [Log][Error] - FunctionWorkRead()
System.Threading.ThreadAbortException: 正在中止线程。
   在 XPCar.Prj.Flow.RcvdProtocolManager.FunctionWorkRead() 位置 D:\Github\Work\Work\Aplus\XPCar\XPCar\Prj\Flow\RcvdProtocolManager.cs:行号 68
2019-08-30 16:27:23,279 [ERROR] [8] [Log][Error] - FunctionWorkDecode()
System.Threading.ThreadAbortException: 正在中止线程。
   在 System.Threading.WaitHandle.WaitOneNative(SafeHandle waitableSafeHandle, UInt32 millisecondsTimeout, Boolean hasThreadAffinity, Boolean exitContext)
   在 System.Threading.WaitHandle.InternalWaitOne(SafeHandle waitableSafeHandle, Int64 millisecondsTimeout, Boolean hasThreadAffinity, Boolean exitContext)
   在 System.Threading.WaitHandle.WaitOne(Int32 millisecondsTimeout, Boolean exitContext)
   在 XPCar.Prj.Flow.RcvdProtocolManager.FunctionWorkDecode() 位置 D:\Github\Work\Work\Aplus\XPCar\XPCar\Prj\Flow\RcvdProtocolManager.cs:行号 112
2019-08-30 16:28:12,173 [DEBUG] [1] [Log][Debug] - FrmMain_Load(): Initial Success!
2019-08-30 16:28:13,743 [ERROR] [7] [Log][Error] - FunctionWorkRead()
System.Threading.ThreadAbortException: 正在中止线程。
   在 XPCar.Prj.Flow.RcvdProtocolManager.FunctionWorkRead() 位置 D:\Github\Work\Work\Aplus\XPCar\XPCar\Prj\Flow\RcvdProtocolManager.cs:行号 68
2019-08-30 16:28:13,798 [ERROR] [8] [Log][Error] - FunctionWorkDecode()
System.Threading.ThreadAbortException: 正在中止线程。
   在 System.Threading.WaitHandle.WaitOneNative(SafeHandle waitableSafeHandle, UInt32 millisecondsTimeout, Boolean hasThreadAffinity, Boolean exitContext)
   在 System.Threading.WaitHandle.InternalWaitOne(SafeHandle waitableSafeHandle, Int64 millisecondsTimeout, Boolean hasThreadAffinity, Boolean exitContext)
   在 System.Threading.WaitHandle.WaitOne(Int32 millisecondsTimeout, Boolean exitContext)
   在 XPCar.Prj.Flow.RcvdProtocolManager.FunctionWorkDecode() 位置 D:\Github\Work\Work\Aplus\XPCar\XPCar\Prj\Flow\RcvdProtocolManager.cs:行号 112
2019-08-30 16:29:37,651 [DEBUG] [1] [Log][Debug] - FrmMain_Load(): Initial Success!
2019-08-30 16:29:39,836 [ERROR] [7] [Log][Error] - FunctionWorkRead()
System.Threading.ThreadAbortException: 正在中止线程。
   在 XPCar.Prj.Flow.RcvdProtocolManager.FunctionWorkRead() 位置 D:\Github\Work\Work\Aplus\XPCar\XPCar\Prj\Flow\RcvdProtocolManager.cs:行号 68
2019-08-30 16:29:39,891 [ERROR] [8] [Log][Error] - FunctionWorkDecode()
System.Threading.ThreadAbortException: 正在中止线程。
   在 System.Threading.WaitHandle.WaitOneNative(SafeHandle waitableSafeHandle, UInt32 millisecondsTimeout, Boolean hasThreadAffinity, Boolean exitContext)
   在 System.Threading.WaitHandle.InternalWaitOne(SafeHandle waitableSafeHandle, Int64 millisecondsTimeout, Boolean hasThreadAffinity, Boolean exitContext)
   在 System.Threading.WaitHandle.WaitOne(Int32 millisecondsTimeout, Boolean exitContext)
   在 XPCar.Prj.Flow.RcvdProtocolManager.FunctionWorkDecode() 位置 D:\Github\Work\Work\Aplus\XPCar\XPCar\Prj\Flow\RcvdProtocolManager.cs:行号 112
2019-08-30 16:48:56,865 [DEBUG] [1] [Log][Debug] - FrmMain_Load(): Initial Success!
2019-08-30 16:48:59,082 [ERROR] [7] [Log][Error] - FunctionWorkRead()
System.Threading.ThreadAbortException: 正在中止线程。
   在 XPCar.Prj.Flow.RcvdProtocolManager.FunctionWorkRead() 位置 D:\Github\Work\Work\Aplus\XPCar\XPCar\Prj\Flow\RcvdProtocolManager.cs:行号 68
2019-08-30 16:48:59,171 [ERROR] [8] [Log][Error] - FunctionWorkDecode()
System.Threading.ThreadAbortException: 正在中止线程。
   在 System.Threading.WaitHandle.WaitOneNative(SafeHandle waitableSafeHandle, UInt32 millisecondsTimeout, Boolean hasThreadAffinity, Boolean exitContext)
   在 System.Threading.WaitHandle.InternalWaitOne(SafeHandle waitableSafeHandle, Int64 millisecondsTimeout, Boolean hasThreadAffinity, Boolean exitContext)
   在 System.Threading.WaitHandle.WaitOne(Int32 millisecondsTimeout, Boolean exitContext)
   在 XPCar.Prj.Flow.RcvdProtocolManager.FunctionWorkDecode() 位置 D:\Github\Work\Work\Aplus\XPCar\XPCar\Prj\Flow\RcvdProtocolManager.cs:行号 112
2019-08-30 16:49:10,092 [DEBUG] [1] [Log][Debug] - FrmMain_Load(): Initial Success!
2019-08-30 16:50:11,378 [ERROR] [7] [Log][Error] - FunctionWorkRead()
System.Threading.ThreadAbortException: 正在中止线程。
   在 XPCar.Prj.Flow.RcvdProtocolManager.FunctionWorkRead() 位置 D:\Github\Work\Work\Aplus\XPCar\XPCar\Prj\Flow\RcvdProtocolManager.cs:行号 68
2019-08-30 16:50:11,430 [ERROR] [8] [Log][Error] - FunctionWorkDecode()
System.Threading.ThreadAbortException: 正在中止线程。
   在 System.Threading.WaitHandle.WaitOneNative(SafeHandle waitableSafeHandle, UInt32 millisecondsTimeout, Boolean hasThreadAffinity, Boolean exitContext)
   在 System.Threading.WaitHandle.InternalWaitOne(SafeHandle waitableSafeHandle, Int64 millisecondsTimeout, Boolean hasThreadAffinity, Boolean exitContext)
   在 System.Threading.WaitHandle.WaitOne(Int32 millisecondsTimeout, Boolean exitContext)
   在 XPCar.Prj.Flow.RcvdProtocolManager.FunctionWorkDecode() 位置 D:\Github\Work\Work\Aplus\XPCar\XPCar\Prj\Flow\RcvdProtocolManager.cs:行号 112
2019-08-30 16:51:19,145 [DEBUG] [1] [Log][Debug] - FrmMain_Load(): Initial Success!
2019-08-30 16:51:20,943 [ERROR] [7] [Log][Error] - FunctionWorkRead()
System.Threading.ThreadAbortException: 正在中止线程。
   在 XPCar.Prj.Flow.RcvdProtocolManager.FunctionWorkRead() 位置 D:\Github\Work\Work\Aplus\XPCar\XPCar\Prj\Flow\RcvdProtocolManager.cs:行号 68
2019-08-30 16:51:21,017 [ERROR] [8] [Log][Error] - FunctionWorkDecode()
System.Threading.ThreadAbortException: 正在中止线程。
   在 System.Threading.WaitHandle.WaitOneNative(SafeHandle waitableSafeHandle, UInt32 millisecondsTimeout, Boolean hasThreadAffinity, Boolean exitContext)
   在 System.Threading.WaitHandle.InternalWaitOne(SafeHandle waitableSafeHandle, Int64 millisecondsTimeout, Boolean hasThreadAffinity, Boolean exitContext)
   在 System.Threading.WaitHandle.WaitOne(Int32 millisecondsTimeout, Boolean exitContext)
   在 XPCar.Prj.Flow.RcvdProtocolManager.FunctionWorkDecode() 位置 D:\Github\Work\Work\Aplus\XPCar\XPCar\Prj\Flow\RcvdProtocolManager.cs:行号 112
2019-08-30 17:21:14,362 [DEBUG] [1] [Log][Debug] - FrmMain_Load(): Initial Success!
2019-08-30 17:21:33,416 [ERROR] [7] [Log][Error] - FunctionWorkRead()
System.Threading.ThreadAbortException: 正在中止线程。
   在 XPCar.Prj.Flow.RcvdProtocolManager.FunctionWorkRead() 位置 D:\Github\Work\Work\Aplus\XPCar\XPCar\Prj\Flow\RcvdProtocolManager.cs:行号 68
2019-08-30 17:21:33,472 [ERROR] [8] [Log][Error] - FunctionWorkDecode()
System.Threading.ThreadAbortException: 正在中止线程。
   在 System.Threading.WaitHandle.WaitOneNative(SafeHandle waitableSafeHandle, UInt32 millisecondsTimeout, Boolean hasThreadAffinity, Boolean exitContext)
   在 System.Threading.WaitHandle.InternalWaitOne(SafeHandle waitableSafeHandle, Int64 millisecondsTimeout, Boolean hasThreadAffinity, Boolean exitContext)
   在 System.Threading.WaitHandle.WaitOne(Int32 millisecondsTimeout, Boolean exitContext)
   在 XPCar.Prj.Flow.RcvdProtocolManager.FunctionWorkDecode() 位置 D:\Github\Work\Work\Aplus\XPCar\XPCar\Prj\Flow\RcvdProtocolManager.cs:行号 112
2019-08-30 17:21:43,893 [DEBUG] [1] [Log][Debug] - FrmMain_Load(): Initial Success!
2019-08-30 17:21:51,615 [ERROR] [7] [Log][Error] - FunctionWorkRead()
System.Threading.ThreadAbortException: 正在中止线程。
   在 XPCar.Prj.Flow.RcvdProtocolManager.FunctionWorkRead() 位置 D:\Github\Work\Work\Aplus\XPCar\XPCar\Prj\Flow\RcvdProtocolManager.cs:行号 68
2019-08-30 17:21:51,667 [ERROR] [8] [Log][Error] - FunctionWorkDecode()
System.Threading.ThreadAbortException: 正在中止线程。
   在 System.Threading.WaitHandle.WaitOneNative(SafeHandle waitableSafeHandle, UInt32 millisecondsTimeout, Boolean hasThreadAffinity, Boolean exitContext)
   在 System.Threading.WaitHandle.InternalWaitOne(SafeHandle waitableSafeHandle, Int64 millisecondsTimeout, Boolean hasThreadAffinity, Boolean exitContext)
   在 System.Threading.WaitHandle.WaitOne(Int32 millisecondsTimeout, Boolean exitContext)
   在 XPCar.Prj.Flow.RcvdProtocolManager.FunctionWorkDecode() 位置 D:\Github\Work\Work\Aplus\XPCar\XPCar\Prj\Flow\RcvdProtocolManager.cs:行号 112
2019-08-30 17:26:04,281 [DEBUG] [1] [Log][Debug] - FrmMain_Load(): Initial Success!
2019-08-30 17:26:06,258 [ERROR] [7] [Log][Error] - FunctionWorkRead()
System.Threading.ThreadAbortException: 正在中止线程。
   在 XPCar.Prj.Flow.RcvdProtocolManager.FunctionWorkRead() 位置 D:\Github\Work\Work\Aplus\XPCar\XPCar\Prj\Flow\RcvdProtocolManager.cs:行号 68
2019-08-30 17:26:06,316 [ERROR] [8] [Log][Error] - FunctionWorkDecode()
System.Threading.ThreadAbortException: 正在中止线程。
   在 System.Threading.WaitHandle.WaitOneNative(SafeHandle waitableSafeHandle, UInt32 millisecondsTimeout, Boolean hasThreadAffinity, Boolean exitContext)
   在 System.Threading.WaitHandle.InternalWaitOne(SafeHandle waitableSafeHandle, Int64 millisecondsTimeout, Boolean hasThreadAffinity, Boolean exitContext)
   在 System.Threading.WaitHandle.WaitOne(Int32 millisecondsTimeout, Boolean exitContext)
   在 XPCar.Prj.Flow.RcvdProtocolManager.FunctionWorkDecode() 位置 D:\Github\Work\Work\Aplus\XPCar\XPCar\Prj\Flow\RcvdProtocolManager.cs:行号 112
2019-08-30 17:26:52,202 [DEBUG] [1] [Log][Debug] - FrmMain_Load(): Initial Success!
2019-08-30 17:26:59,402 [ERROR] [7] [Log][Error] - FunctionWorkRead()
System.Threading.ThreadAbortException: 正在中止线程。
   在 XPCar.Prj.Flow.RcvdProtocolManager.FunctionWorkRead() 位置 D:\Github\Work\Work\Aplus\XPCar\XPCar\Prj\Flow\RcvdProtocolManager.cs:行号 68
2019-08-30 17:26:59,455 [ERROR] [8] [Log][Error] - FunctionWorkDecode()
System.Threading.ThreadAbortException: 正在中止线程。
   在 System.Threading.WaitHandle.WaitOneNative(SafeHandle waitableSafeHandle, UInt32 millisecondsTimeout, Boolean hasThreadAffinity, Boolean exitContext)
   在 System.Threading.WaitHandle.InternalWaitOne(SafeHandle waitableSafeHandle, Int64 millisecondsTimeout, Boolean hasThreadAffinity, Boolean exitContext)
   在 System.Threading.WaitHandle.WaitOne(Int32 millisecondsTimeout, Boolean exitContext)
   在 XPCar.Prj.Flow.RcvdProtocolManager.FunctionWorkDecode() 位置 D:\Github\Work\Work\Aplus\XPCar\XPCar\Prj\Flow\RcvdProtocolManager.cs:行号 112
2019-08-30 17:39:21,605 [DEBUG] [1] [Log][Debug] - FrmMain_Load(): Initial Success!
2019-08-30 17:39:50,368 [WARN ] [8] [Log][Warn] - VerifyProtocolFormat() errorCode = -10, Cannot decode Len = 26, Data = 7E 30 30 46 46 34 33 37 30 30 30 32 32 30 30 30 34 30 31 30 43 0D 35 46 7E 30 
2019-08-30 17:40:28,316 [ERROR] [10] [Log][Error] - BigDataInsert()Type of lists = System.Collections.Generic.List`1[XPCar.Prj.Model.CanMsg]
System.Data.SQLite.SQLiteException (0x80004005): SQL logic error or missing database
unrecognized token: "'充电机报文CRM:充电机辨识 辨识结果:BMS不能辨识 充电机编号:00000001 充电机所在区域编码:AB"
   在 System.Data.SQLite.SQLite3.Prepare(SQLiteConnection cnn, String strSql, SQLiteStatement previous, UInt32 timeoutMS, String& strRemain)
   在 System.Data.SQLite.SQLiteCommand.BuildNextCommand()
   在 System.Data.SQLite.SQLiteDataReader.NextResult()
   在 System.Data.SQLite.SQLiteDataReader..ctor(SQLiteCommand cmd, CommandBehavior behave)
   在 System.Data.SQLite.SQLiteCommand.ExecuteReader(CommandBehavior behavior)
   在 System.Data.SQLite.SQLiteCommand.ExecuteNonQuery(CommandBehavior behavior)
   在 SQLiteSugar.SqlHelper.ExecuteCommand(String sql, SQLiteParameter[] pars)
   在 SQLiteSugar.SqlSugarClient.SqlBulkCopy[T](IEnumerable`1 entities)
   在 SQLiteSugar.SqlSugarClient.SqlBulkCopy[T](List`1 entities)
   在 XPCar.Database.DbService.BigDataInsert[T](List`1 lists) 位置 D:\Github\Work\Work\Aplus\XPCar\XPCar\Database\DbService.cs:行号 25
2019-08-30 17:40:28,347 [ERROR] [10] [Log][Error] - CommitToRespository()-> CanMsg Error!
System.Exception: System.Data.SQLite.SQLiteException (0x80004005): SQL logic error or missing database
unrecognized token: "'充电机报文CRM:充电机辨识 辨识结果:BMS不能辨识 充电机编号:00000001 充电机所在区域编码:AB"
   在 System.Data.SQLite.SQLite3.Prepare(SQLiteConnection cnn, String strSql, SQLiteStatement previous, UInt32 timeoutMS, String& strRemain)
   在 System.Data.SQLite.SQLiteCommand.BuildNextCommand()
   在 System.Data.SQLite.SQLiteDataReader.NextResult()
   在 System.Data.SQLite.SQLiteDataReader..ctor(SQLiteCommand cmd, CommandBehavior behave)
   在 System.Data.SQLite.SQLiteCommand.ExecuteReader(CommandBehavior behavior)
   在 System.Data.SQLite.SQLiteCommand.ExecuteNonQuery(CommandBehavior behavior)
   在 SQLiteSugar.SqlHelper.ExecuteCommand(String sql, SQLiteParameter[] pars)
   在 SQLiteSugar.SqlSugarClient.SqlBulkCopy[T](IEnumerable`1 entities)
   在 SQLiteSugar.SqlSugarClient.SqlBulkCopy[T](List`1 entities)
   在 XPCar.Database.DbService.BigDataInsert[T](List`1 lists) 位置 D:\Github\Work\Work\Aplus\XPCar\XPCar\Database\DbService.cs:行号 25
   在 XPCar.Database.DbService.BigDataInsert[T](List`1 lists) 位置 D:\Github\Work\Work\Aplus\XPCar\XPCar\Database\DbService.cs:行号 35
   在 XPCar.Prj.Flow.RepositoryManager.CommitToRespository() 位置 D:\Github\Work\Work\Aplus\XPCar\XPCar\Prj\Flow\RepositoryManager.cs:行号 133
2019-08-30 17:40:43,459 [ERROR] [10] [Log][Error] - BigDataInsert()Type of lists = System.Collections.Generic.List`1[XPCar.Prj.Model.CanMsg]
System.Data.SQLite.SQLiteException (0x80004005): SQL logic error or missing database
unrecognized token: "'充电机报文CRM:充电机辨识 辨识结果:BMS不能辨识 充电机编号:00000001 充电机所在区域编码:AB"
   在 System.Data.SQLite.SQLite3.Prepare(SQLiteConnection cnn, String strSql, SQLiteStatement previous, UInt32 timeoutMS, String& strRemain)
   在 System.Data.SQLite.SQLiteCommand.BuildNextCommand()
   在 System.Data.SQLite.SQLiteDataReader.NextResult()
   在 System.Data.SQLite.SQLiteDataReader..ctor(SQLiteCommand cmd, CommandBehavior behave)
   在 System.Data.SQLite.SQLiteCommand.ExecuteReader(CommandBehavior behavior)
   在 System.Data.SQLite.SQLiteCommand.ExecuteNonQuery(CommandBehavior behavior)
   在 SQLiteSugar.SqlHelper.ExecuteCommand(String sql, SQLiteParameter[] pars)
   在 SQLiteSugar.SqlSugarClient.SqlBulkCopy[T](IEnumerable`1 entities)
   在 SQLiteSugar.SqlSugarClient.SqlBulkCopy[T](List`1 entities)
   在 XPCar.Database.DbService.BigDataInsert[T](List`1 lists) 位置 D:\Github\Work\Work\Aplus\XPCar\XPCar\Database\DbService.cs:行号 25
2019-08-30 17:40:43,471 [ERROR] [10] [Log][Error] - CommitToRespository()-> CanMsg Error!
System.Exception: System.Data.SQLite.SQLiteException (0x80004005): SQL logic error or missing database
unrecognized token: "'充电机报文CRM:充电机辨识 辨识结果:BMS不能辨识 充电机编号:00000001 充电机所在区域编码:AB"
   在 System.Data.SQLite.SQLite3.Prepare(SQLiteConnection cnn, String strSql, SQLiteStatement previous, UInt32 timeoutMS, String& strRemain)
   在 System.Data.SQLite.SQLiteCommand.BuildNextCommand()
   在 System.Data.SQLite.SQLiteDataReader.NextResult()
   在 System.Data.SQLite.SQLiteDataReader..ctor(SQLiteCommand cmd, CommandBehavior behave)
   在 System.Data.SQLite.SQLiteCommand.ExecuteReader(CommandBehavior behavior)
   在 System.Data.SQLite.SQLiteCommand.ExecuteNonQuery(CommandBehavior behavior)
   在 SQLiteSugar.SqlHelper.ExecuteCommand(String sql, SQLiteParameter[] pars)
   在 SQLiteSugar.SqlSugarClient.SqlBulkCopy[T](IEnumerable`1 entities)
   在 SQLiteSugar.SqlSugarClient.SqlBulkCopy[T](List`1 entities)
   在 XPCar.Database.DbService.BigDataInsert[T](List`1 lists) 位置 D:\Github\Work\Work\Aplus\XPCar\XPCar\Database\DbService.cs:行号 25
   在 XPCar.Database.DbService.BigDataInsert[T](List`1 lists) 位置 D:\Github\Work\Work\Aplus\XPCar\XPCar\Database\DbService.cs:行号 35
   在 XPCar.Prj.Flow.RepositoryManager.CommitToRespository() 位置 D:\Github\Work\Work\Aplus\XPCar\XPCar\Prj\Flow\RepositoryManager.cs:行号 133
2019-08-30 17:40:59,538 [ERROR] [10] [Log][Error] - BigDataInsert()Type of lists = System.Collections.Generic.List`1[XPCar.Prj.Model.CanMsg]
System.Data.SQLite.SQLiteException (0x80004005): SQL logic error or missing database
unrecognized token: "'充电机报文CRM:充电机辨识 辨识结果:BMS能辨识 充电机编号:00000001 充电机所在区域编码:"
   在 System.Data.SQLite.SQLite3.Prepare(SQLiteConnection cnn, String strSql, SQLiteStatement previous, UInt32 timeoutMS, String& strRemain)
   在 System.Data.SQLite.SQLiteCommand.BuildNextCommand()
   在 System.Data.SQLite.SQLiteDataReader.NextResult()
   在 System.Data.SQLite.SQLiteDataReader..ctor(SQLiteCommand cmd, CommandBehavior behave)
   在 System.Data.SQLite.SQLiteCommand.ExecuteReader(CommandBehavior behavior)
   在 System.Data.SQLite.SQLiteCommand.ExecuteNonQuery(CommandBehavior behavior)
   在 SQLiteSugar.SqlHelper.ExecuteCommand(String sql, SQLiteParameter[] pars)
   在 SQLiteSugar.SqlSugarClient.SqlBulkCopy[T](IEnumerable`1 entities)
   在 SQLiteSugar.SqlSugarClient.SqlBulkCopy[T](List`1 entities)
   在 XPCar.Database.DbService.BigDataInsert[T](List`1 lists) 位置 D:\Github\Work\Work\Aplus\XPCar\XPCar\Database\DbService.cs:行号 25
2019-08-30 17:40:59,550 [ERROR] [10] [Log][Error] - CommitToRespository()-> CanMsg Error!
System.Exception: System.Data.SQLite.SQLiteException (0x80004005): SQL logic error or missing database
unrecognized token: "'充电机报文CRM:充电机辨识 辨识结果:BMS能辨识 充电机编号:00000001 充电机所在区域编码:"
   在 System.Data.SQLite.SQLite3.Prepare(SQLiteConnection cnn, String strSql, SQLiteStatement previous, UInt32 timeoutMS, String& strRemain)
   在 System.Data.SQLite.SQLiteCommand.BuildNextCommand()
   在 System.Data.SQLite.SQLiteDataReader.NextResult()
   在 System.Data.SQLite.SQLiteDataReader..ctor(SQLiteCommand cmd, CommandBehavior behave)
   在 System.Data.SQLite.SQLiteCommand.ExecuteReader(CommandBehavior behavior)
   在 System.Data.SQLite.SQLiteCommand.ExecuteNonQuery(CommandBehavior behavior)
   在 SQLiteSugar.SqlHelper.ExecuteCommand(String sql, SQLiteParameter[] pars)
   在 SQLiteSugar.SqlSugarClient.SqlBulkCopy[T](IEnumerable`1 entities)
   在 SQLiteSugar.SqlSugarClient.SqlBulkCopy[T](List`1 entities)
   在 XPCar.Database.DbService.BigDataInsert[T](List`1 lists) 位置 D:\Github\Work\Work\Aplus\XPCar\XPCar\Database\DbService.cs:行号 25
   在 XPCar.Database.DbService.BigDataInsert[T](List`1 lists) 位置 D:\Github\Work\Work\Aplus\XPCar\XPCar\Database\DbService.cs:行号 35
   在 XPCar.Prj.Flow.RepositoryManager.CommitToRespository() 位置 D:\Github\Work\Work\Aplus\XPCar\XPCar\Prj\Flow\RepositoryManager.cs:行号 133
2019-08-30 17:45:20,125 [ERROR] [8] [Log][Error] - FunctionWorkDecode()
System.Threading.ThreadAbortException: 正在中止线程。
   在 System.Threading.WaitHandle.WaitOneNative(SafeHandle waitableSafeHandle, UInt32 millisecondsTimeout, Boolean hasThreadAffinity, Boolean exitContext)
   在 System.Threading.WaitHandle.InternalWaitOne(SafeHandle waitableSafeHandle, Int64 millisecondsTimeout, Boolean hasThreadAffinity, Boolean exitContext)
   在 System.Threading.WaitHandle.WaitOne(Int32 millisecondsTimeout, Boolean exitContext)
   在 XPCar.Prj.Flow.RcvdProtocolManager.FunctionWorkDecode() 位置 D:\Github\Work\Work\Aplus\XPCar\XPCar\Prj\Flow\RcvdProtocolManager.cs:行号 108
2019-08-30 17:45:20,220 [ERROR] [5] [Log][Error] - HandleDataReceived()
System.ObjectDisposedException: 已关闭 Safe handle
   在 System.Runtime.InteropServices.SafeHandle.DangerousAddRef(Boolean& success)
   在 System.StubHelpers.StubHelpers.SafeHandleAddRef(SafeHandle pHandle, Boolean& success)
   在 Microsoft.Win32.Win32Native.SetEvent(SafeWaitHandle handle)
   在 System.Threading.EventWaitHandle.Set()
   在 XPCar.Prj.Flow.RcvdProtocolManager.EnqueueTask(RawData rawData) 位置 D:\Github\Work\Work\Aplus\XPCar\XPCar\Prj\Flow\RcvdProtocolManager.cs:行号 125
   在 XPCar.Prj.Flow.RcvdProtocolManager.HandleDataReceived(Int32 index, Byte[] buf, Int32 len) 位置 D:\Github\Work\Work\Aplus\XPCar\XPCar\Prj\Flow\RcvdProtocolManager.cs:行号 205
2019-08-30 17:45:20,278 [ERROR] [13] [Log][Error] - HandleDataReceived()
System.ObjectDisposedException: 已关闭 Safe handle
   在 System.Runtime.InteropServices.SafeHandle.DangerousAddRef(Boolean& success)
   在 System.StubHelpers.StubHelpers.SafeHandleAddRef(SafeHandle pHandle, Boolean& success)
   在 Microsoft.Win32.Win32Native.SetEvent(SafeWaitHandle handle)
   在 System.Threading.EventWaitHandle.Set()
   在 XPCar.Prj.Flow.RcvdProtocolManager.EnqueueTask(RawData rawData) 位置 D:\Github\Work\Work\Aplus\XPCar\XPCar\Prj\Flow\RcvdProtocolManager.cs:行号 125
   在 XPCar.Prj.Flow.RcvdProtocolManager.HandleDataReceived(Int32 index, Byte[] buf, Int32 len) 位置 D:\Github\Work\Work\Aplus\XPCar\XPCar\Prj\Flow\RcvdProtocolManager.cs:行号 205
2019-08-30 17:45:20,309 [ERROR] [17] [Log][Error] - HandleDataReceived()
System.ObjectDisposedException: 已关闭 Safe handle
   在 System.Runtime.InteropServices.SafeHandle.DangerousAddRef(Boolean& success)
   在 System.StubHelpers.StubHelpers.SafeHandleAddRef(SafeHandle pHandle, Boolean& success)
   在 Microsoft.Win32.Win32Native.SetEvent(SafeWaitHandle handle)
   在 System.Threading.EventWaitHandle.Set()
   在 XPCar.Prj.Flow.RcvdProtocolManager.EnqueueTask(RawData rawData) 位置 D:\Github\Work\Work\Aplus\XPCar\XPCar\Prj\Flow\RcvdProtocolManager.cs:行号 125
   在 XPCar.Prj.Flow.RcvdProtocolManager.HandleDataReceived(Int32 index, Byte[] buf, Int32 len) 位置 D:\Github\Work\Work\Aplus\XPCar\XPCar\Prj\Flow\RcvdProtocolManager.cs:行号 205
2019-08-30 17:45:20,407 [ERROR] [12] [Log][Error] - HandleDataReceived()
System.ObjectDisposedException: 已关闭 Safe handle
   在 System.Runtime.InteropServices.SafeHandle.DangerousAddRef(Boolean& success)
   在 System.StubHelpers.StubHelpers.SafeHandleAddRef(SafeHandle pHandle, Boolean& success)
   在 Microsoft.Win32.Win32Native.SetEvent(SafeWaitHandle handle)
   在 System.Threading.EventWaitHandle.Set()
   在 XPCar.Prj.Flow.RcvdProtocolManager.EnqueueTask(RawData rawData) 位置 D:\Github\Work\Work\Aplus\XPCar\XPCar\Prj\Flow\RcvdProtocolManager.cs:行号 125
   在 XPCar.Prj.Flow.RcvdProtocolManager.HandleDataReceived(Int32 index, Byte[] buf, Int32 len) 位置 D:\Github\Work\Work\Aplus\XPCar\XPCar\Prj\Flow\RcvdProtocolManager.cs:行号 205
2019-08-30 17:45:20,418 [ERROR] [17] [Log][Error] - HandleDataReceived()
System.ObjectDisposedException: 已关闭 Safe handle
   在 System.Runtime.InteropServices.SafeHandle.DangerousAddRef(Boolean& success)
   在 System.StubHelpers.StubHelpers.SafeHandleAddRef(SafeHandle pHandle, Boolean& success)
   在 Microsoft.Win32.Win32Native.SetEvent(SafeWaitHandle handle)
   在 System.Threading.EventWaitHandle.Set()
   在 XPCar.Prj.Flow.RcvdProtocolManager.EnqueueTask(RawData rawData) 位置 D:\Github\Work\Work\Aplus\XPCar\XPCar\Prj\Flow\RcvdProtocolManager.cs:行号 125
   在 XPCar.Prj.Flow.RcvdProtocolManager.HandleDataReceived(Int32 index, Byte[] buf, Int32 len) 位置 D:\Github\Work\Work\Aplus\XPCar\XPCar\Prj\Flow\RcvdProtocolManager.cs:行号 205
2019-08-30 19:15:31,009 [DEBUG] [1] [Log][Debug] - FrmMain_Load(): Initial Success!
2019-08-30 19:28:58,681 [DEBUG] [1] [Log][Debug] - FrmMain_Load(): Initial Success!
2019-08-30 19:29:11,401 [ERROR] [7] [Log][Error] - FunctionWorkRead()
System.Threading.ThreadAbortException: 正在中止线程。
   在 XPCar.Prj.Flow.RcvdProtocolManager.FunctionWorkRead() 位置 D:\Github\Work\Work\Aplus\XPCar\XPCar\Prj\Flow\RcvdProtocolManager.cs:行号 68
2019-08-30 19:29:11,453 [ERROR] [8] [Log][Error] - FunctionWorkDecode()
System.Threading.ThreadAbortException: 正在中止线程。
   在 System.Threading.WaitHandle.WaitOneNative(SafeHandle waitableSafeHandle, UInt32 millisecondsTimeout, Boolean hasThreadAffinity, Boolean exitContext)
   在 System.Threading.WaitHandle.InternalWaitOne(SafeHandle waitableSafeHandle, Int64 millisecondsTimeout, Boolean hasThreadAffinity, Boolean exitContext)
   在 System.Threading.WaitHandle.WaitOne(Int32 millisecondsTimeout, Boolean exitContext)
   在 XPCar.Prj.Flow.RcvdProtocolManager.FunctionWorkDecode() 位置 D:\Github\Work\Work\Aplus\XPCar\XPCar\Prj\Flow\RcvdProtocolManager.cs:行号 112
2019-08-30 19:52:31,121 [DEBUG] [1] [Log][Debug] - FrmMain_Load(): Initial Success!
2019-08-30 20:07:45,382 [DEBUG] [1] [Log][Debug] - FrmMain_Load(): Initial Success!
2019-08-30 20:08:09,419 [ERROR] [7] [Log][Error] - FunctionWorkRead()
System.Threading.ThreadAbortException: 正在中止线程。
   在 XPCar.Prj.Flow.RcvdProtocolManager.FunctionWorkRead() 位置 D:\Github\Work\Work\Aplus\XPCar\XPCar\Prj\Flow\RcvdProtocolManager.cs:行号 68
2019-08-30 20:08:09,471 [ERROR] [8] [Log][Error] - FunctionWorkDecode()
System.Threading.ThreadAbortException: 正在中止线程。
   在 System.Threading.WaitHandle.WaitOneNative(SafeHandle waitableSafeHandle, UInt32 millisecondsTimeout, Boolean hasThreadAffinity, Boolean exitContext)
   在 System.Threading.WaitHandle.InternalWaitOne(SafeHandle waitableSafeHandle, Int64 millisecondsTimeout, Boolean hasThreadAffinity, Boolean exitContext)
   在 System.Threading.WaitHandle.WaitOne(Int32 millisecondsTimeout, Boolean exitContext)
   在 XPCar.Prj.Flow.RcvdProtocolManager.FunctionWorkDecode() 位置 D:\Github\Work\Work\Aplus\XPCar\XPCar\Prj\Flow\RcvdProtocolManager.cs:行号 112
2019-08-30 20:08:15,354 [DEBUG] [1] [Log][Debug] - FrmMain_Load(): Initial Success!
2019-08-30 20:08:23,085 [ERROR] [7] [Log][Error] - FunctionWorkRead()
System.Threading.ThreadAbortException: 正在中止线程。
   在 XPCar.Prj.Flow.RcvdProtocolManager.FunctionWorkRead() 位置 D:\Github\Work\Work\Aplus\XPCar\XPCar\Prj\Flow\RcvdProtocolManager.cs:行号 68
2019-08-30 20:08:23,153 [ERROR] [8] [Log][Error] - FunctionWorkDecode()
System.Threading.ThreadAbortException: 正在中止线程。
   在 System.Threading.WaitHandle.WaitOneNative(SafeHandle waitableSafeHandle, UInt32 millisecondsTimeout, Boolean hasThreadAffinity, Boolean exitContext)
   在 System.Threading.WaitHandle.InternalWaitOne(SafeHandle waitableSafeHandle, Int64 millisecondsTimeout, Boolean hasThreadAffinity, Boolean exitContext)
   在 System.Threading.WaitHandle.WaitOne(Int32 millisecondsTimeout, Boolean exitContext)
   在 XPCar.Prj.Flow.RcvdProtocolManager.FunctionWorkDecode() 位置 D:\Github\Work\Work\Aplus\XPCar\XPCar\Prj\Flow\RcvdProtocolManager.cs:行号 112
2019-08-30 20:13:45,275 [DEBUG] [1] [Log][Debug] - FrmMain_Load(): Initial Success!
2019-08-30 20:13:55,068 [ERROR] [7] [Log][Error] - FunctionWorkRead()
System.Threading.ThreadAbortException: 正在中止线程。
   在 XPCar.Prj.Flow.RcvdProtocolManager.FunctionWorkRead() 位置 D:\Github\Work\Work\Aplus\XPCar\XPCar\Prj\Flow\RcvdProtocolManager.cs:行号 68
2019-08-30 20:13:55,104 [ERROR] [8] [Log][Error] - FunctionWorkDecode()
System.Threading.ThreadAbortException: 正在中止线程。
   在 System.Threading.WaitHandle.WaitOneNative(SafeHandle waitableSafeHandle, UInt32 millisecondsTimeout, Boolean hasThreadAffinity, Boolean exitContext)
   在 System.Threading.WaitHandle.InternalWaitOne(SafeHandle waitableSafeHandle, Int64 millisecondsTimeout, Boolean hasThreadAffinity, Boolean exitContext)
   在 System.Threading.WaitHandle.WaitOne(Int32 millisecondsTimeout, Boolean exitContext)
   在 XPCar.Prj.Flow.RcvdProtocolManager.FunctionWorkDecode() 位置 D:\Github\Work\Work\Aplus\XPCar\XPCar\Prj\Flow\RcvdProtocolManager.cs:行号 112
2019-08-30 20:14:32,077 [DEBUG] [1] [Log][Debug] - FrmMain_Load(): Initial Success!
2019-08-30 20:14:33,944 [ERROR] [7] [Log][Error] - FunctionWorkRead()
System.Threading.ThreadAbortException: 正在中止线程。
   在 XPCar.Prj.Flow.RcvdProtocolManager.FunctionWorkRead() 位置 D:\Github\Work\Work\Aplus\XPCar\XPCar\Prj\Flow\RcvdProtocolManager.cs:行号 68
2019-08-30 20:14:33,999 [ERROR] [8] [Log][Error] - FunctionWorkDecode()
System.Threading.ThreadAbortException: 正在中止线程。
   在 System.Threading.WaitHandle.WaitOneNative(SafeHandle waitableSafeHandle, UInt32 millisecondsTimeout, Boolean hasThreadAffinity, Boolean exitContext)
   在 System.Threading.WaitHandle.InternalWaitOne(SafeHandle waitableSafeHandle, Int64 millisecondsTimeout, Boolean hasThreadAffinity, Boolean exitContext)
   在 System.Threading.WaitHandle.WaitOne(Int32 millisecondsTimeout, Boolean exitContext)
   在 XPCar.Prj.Flow.RcvdProtocolManager.FunctionWorkDecode() 位置 D:\Github\Work\Work\Aplus\XPCar\XPCar\Prj\Flow\RcvdProtocolManager.cs:行号 112
2019-08-30 20:28:18,318 [DEBUG] [1] [Log][Debug] - FrmMain_Load(): Initial Success!
2019-08-30 20:31:11,016 [DEBUG] [1] [Log][Debug] - FrmMain_Load(): Initial Success!
2019-08-30 20:32:23,778 [ERROR] [7] [Log][Error] - FunctionWorkRead()
System.Threading.ThreadAbortException: 正在中止线程。
   在 XPCar.Prj.Flow.RcvdProtocolManager.FunctionWorkRead() 位置 D:\Github\Work\Work\Aplus\XPCar\XPCar\Prj\Flow\RcvdProtocolManager.cs:行号 68
2019-08-30 20:32:23,832 [ERROR] [8] [Log][Error] - FunctionWorkDecode()
System.Threading.ThreadAbortException: 正在中止线程。
   在 System.Threading.WaitHandle.WaitOneNative(SafeHandle waitableSafeHandle, UInt32 millisecondsTimeout, Boolean hasThreadAffinity, Boolean exitContext)
   在 System.Threading.WaitHandle.InternalWaitOne(SafeHandle waitableSafeHandle, Int64 millisecondsTimeout, Boolean hasThreadAffinity, Boolean exitContext)
   在 System.Threading.WaitHandle.WaitOne(Int32 millisecondsTimeout, Boolean exitContext)
   在 XPCar.Prj.Flow.RcvdProtocolManager.FunctionWorkDecode() 位置 D:\Github\Work\Work\Aplus\XPCar\XPCar\Prj\Flow\RcvdProtocolManager.cs:行号 112
